{"/home/gss-dev/Workspace/TRYBE/PROJETOS/sd-021-b-trybe-futebol-clube/app/backend/src/services/LeaderBoardService.ts":{"path":"/home/gss-dev/Workspace/TRYBE/PROJETOS/sd-021-b-trybe-futebol-clube/app/backend/src/services/LeaderBoardService.ts","statementMap":{"0":{"start":{"line":2,"column":0},"end":{"line":2,"column":62}},"1":{"start":{"line":3,"column":26},"end":{"line":3,"column":61}},"2":{"start":{"line":4,"column":26},"end":{"line":4,"column":61}},"3":{"start":{"line":5,"column":22},"end":{"line":5,"column":63}},"4":{"start":{"line":6,"column":20},"end":{"line":6,"column":59}},"5":{"start":{"line":7,"column":22},"end":{"line":7,"column":53}},"6":{"start":{"line":10,"column":23},"end":{"line":20,"column":10}},"7":{"start":{"line":21,"column":31},"end":{"line":21,"column":69}},"8":{"start":{"line":22,"column":8},"end":{"line":22,"column":30}},"9":{"start":{"line":25,"column":23},"end":{"line":35,"column":10}},"10":{"start":{"line":36,"column":31},"end":{"line":36,"column":69}},"11":{"start":{"line":37,"column":8},"end":{"line":37,"column":30}},"12":{"start":{"line":40,"column":21},"end":{"line":40,"column":44}},"13":{"start":{"line":41,"column":21},"end":{"line":41,"column":44}},"14":{"start":{"line":42,"column":23},"end":{"line":42,"column":65}},"15":{"start":{"line":43,"column":8},"end":{"line":43,"column":22}},"16":{"start":{"line":46,"column":0},"end":{"line":46,"column":37}}},"fnMap":{"0":{"name":"(anonymous_0)","decl":{"start":{"line":9,"column":4},"end":{"line":9,"column":5}},"loc":{"start":{"line":9,"column":30},"end":{"line":23,"column":5}},"line":9},"1":{"name":"(anonymous_1)","decl":{"start":{"line":24,"column":4},"end":{"line":24,"column":5}},"loc":{"start":{"line":24,"column":30},"end":{"line":38,"column":5}},"line":24},"2":{"name":"(anonymous_2)","decl":{"start":{"line":39,"column":4},"end":{"line":39,"column":5}},"loc":{"start":{"line":39,"column":26},"end":{"line":44,"column":5}},"line":39}},"branchMap":{},"s":{"0":1,"1":1,"2":1,"3":1,"4":1,"5":1,"6":2,"7":2,"8":2,"9":2,"10":2,"11":2,"12":2,"13":2,"14":2,"15":2,"16":1},"f":{"0":2,"1":2,"2":2},"b":{},"inputSourceMap":{"version":3,"file":"/home/gss-dev/Workspace/TRYBE/PROJETOS/sd-021-b-trybe-futebol-clube/app/backend/src/services/LeaderBoardService.ts","sources":["/home/gss-dev/Workspace/TRYBE/PROJETOS/sd-021-b-trybe-futebol-clube/app/backend/src/services/LeaderBoardService.ts"],"names":[],"mappings":";;AAAA,8DAAuF;AACvF,8DAAmF;AACnF,gEAAmD;AACnD,4DAAgD;AAChD,sDAAoD;AAEpD,MAAqB,kBAAkB;IACrC,MAAM,CAAC,KAAK,CAAC,UAAU;QACrB,MAAM,MAAM,GAAG,MAAM,mBAAI,CAAC,OAAO,CAAC;YAChC,UAAU,EAAE,CAAC,UAAU,CAAC;YACxB,OAAO,EAAE;gBACP;oBACE,KAAK,EAAE,qBAAK;oBACZ,EAAE,EAAE,UAAU;oBACd,UAAU,EAAE,CAAC,eAAe,EAAE,eAAe,CAAC;oBAC9C,KAAK,EAAE,EAAE,UAAU,EAAE,KAAK,EAAE;iBAC7B;aACF;SACF,CAAC,CAAC;QAEH,MAAM,cAAc,GAAG,IAAA,yBAAqB,EAAC,MAAuC,CAAC,CAAC;QACtF,OAAO,cAAc,CAAC;IACxB,CAAC;IAED,MAAM,CAAC,KAAK,CAAC,UAAU;QACrB,MAAM,MAAM,GAAG,MAAM,mBAAI,CAAC,OAAO,CAAC;YAChC,UAAU,EAAE,CAAC,UAAU,CAAC;YACxB,OAAO,EAAE;gBACP;oBACE,KAAK,EAAE,qBAAK;oBACZ,EAAE,EAAE,UAAU;oBACd,UAAU,EAAE,CAAC,eAAe,EAAE,eAAe,CAAC;oBAC9C,KAAK,EAAE,EAAE,UAAU,EAAE,KAAK,EAAE;iBAC7B;aACF;SACF,CAAC,CAAC;QAEH,MAAM,cAAc,GAAG,IAAA,yBAAqB,EAAC,MAA2C,CAAC,CAAC;QAC1F,OAAO,cAAc,CAAC;IACxB,CAAC;IAED,MAAM,CAAC,KAAK,CAAC,MAAM;QACjB,MAAM,IAAI,GAAG,MAAM,IAAI,CAAC,UAAU,EAAE,CAAC;QACrC,MAAM,IAAI,GAAG,MAAM,IAAI,CAAC,UAAU,EAAE,CAAC;QACrC,MAAM,MAAM,GAAG,IAAA,qBAAgB,EAAC,EAAE,IAAI,EAAE,IAAI,EAAE,CAAC,CAAC;QAChD,OAAO,MAAM,CAAC;IAChB,CAAC;CACF;AAzCD,qCAyCC","sourcesContent":["import formatLeaderboardAway, { ILeaderboardAwayData } from '../utils/leaderboardAway';\nimport formatLeaderboardHome, { ILeaderboardData } from '../utils/leaderboardHome';\nimport Match from '../database/models/MatcheModel';\nimport Team from '../database/models/TeamModel';\nimport sortLeaderboards from '../utils/leaderboard';\n\nexport default class LeaderboardService {\n  static async getAllHome() {\n    const result = await Team.findAll({\n      attributes: ['teamName'],\n      include: [\n        {\n          model: Match,\n          as: 'teamHome',\n          attributes: ['homeTeamGoals', 'awayTeamGoals'],\n          where: { inProgress: false },\n        },\n      ],\n    });\n\n    const formatedResult = formatLeaderboardHome(result as unknown as ILeaderboardData[]);\n    return formatedResult;\n  }\n\n  static async getAllAway() {\n    const result = await Team.findAll({\n      attributes: ['teamName'],\n      include: [\n        {\n          model: Match,\n          as: 'teamAway',\n          attributes: ['homeTeamGoals', 'awayTeamGoals'],\n          where: { inProgress: false },\n        },\n      ],\n    });\n\n    const formatedResult = formatLeaderboardAway(result as unknown as ILeaderboardAwayData[]);\n    return formatedResult;\n  }\n\n  static async getAll() {\n    const home = await this.getAllHome();\n    const away = await this.getAllAway();\n    const result = sortLeaderboards({ home, away });\n    return result;\n  }\n}\n"]},"_coverageSchema":"1a1c01bbd47fc00a2c39e90264f33305004495a9","hash":"17ad94c3fe5e7df8d26673bfa7c376c60f765c08"},"/home/gss-dev/Workspace/TRYBE/PROJETOS/sd-021-b-trybe-futebol-clube/app/backend/src/utils/leaderboardAway.ts":{"path":"/home/gss-dev/Workspace/TRYBE/PROJETOS/sd-021-b-trybe-futebol-clube/app/backend/src/utils/leaderboardAway.ts","statementMap":{"0":{"start":{"line":2,"column":0},"end":{"line":2,"column":62}},"1":{"start":{"line":3,"column":23},"end":{"line":9,"column":1}},"2":{"start":{"line":4,"column":4},"end":{"line":5,"column":23}},"3":{"start":{"line":5,"column":8},"end":{"line":5,"column":23}},"4":{"start":{"line":6,"column":4},"end":{"line":7,"column":19}},"5":{"start":{"line":7,"column":8},"end":{"line":7,"column":19}},"6":{"start":{"line":8,"column":4},"end":{"line":8,"column":19}},"7":{"start":{"line":10,"column":18},"end":{"line":14,"column":1}},"8":{"start":{"line":11,"column":4},"end":{"line":12,"column":23}},"9":{"start":{"line":12,"column":8},"end":{"line":12,"column":23}},"10":{"start":{"line":13,"column":4},"end":{"line":13,"column":15}},"11":{"start":{"line":15,"column":19},"end":{"line":19,"column":1}},"12":{"start":{"line":16,"column":4},"end":{"line":17,"column":23}},"13":{"start":{"line":17,"column":8},"end":{"line":17,"column":23}},"14":{"start":{"line":18,"column":4},"end":{"line":18,"column":15}},"15":{"start":{"line":20,"column":20},"end":{"line":24,"column":1}},"16":{"start":{"line":21,"column":4},"end":{"line":22,"column":23}},"17":{"start":{"line":22,"column":8},"end":{"line":22,"column":23}},"18":{"start":{"line":23,"column":4},"end":{"line":23,"column":15}},"19":{"start":{"line":25,"column":19},"end":{"line":25,"column":58}},"20":{"start":{"line":25,"column":34},"end":{"line":25,"column":58}},"21":{"start":{"line":26,"column":22},"end":{"line":26,"column":61}},"22":{"start":{"line":26,"column":37},"end":{"line":26,"column":61}},"23":{"start":{"line":27,"column":26},"end":{"line":31,"column":1}},"24":{"start":{"line":28,"column":18},"end":{"line":28,"column":48}},"25":{"start":{"line":29,"column":21},"end":{"line":29,"column":54}},"26":{"start":{"line":30,"column":4},"end":{"line":30,"column":28}},"27":{"start":{"line":32,"column":28},"end":{"line":37,"column":1}},"28":{"start":{"line":33,"column":24},"end":{"line":33,"column":58}},"29":{"start":{"line":34,"column":23},"end":{"line":34,"column":38}},"30":{"start":{"line":35,"column":23},"end":{"line":35,"column":61}},"31":{"start":{"line":36,"column":4},"end":{"line":36,"column":41}},"32":{"start":{"line":38,"column":30},"end":{"line":57,"column":1}},"33":{"start":{"line":39,"column":19},"end":{"line":50,"column":7}},"34":{"start":{"line":39,"column":39},"end":{"line":50,"column":5}},"35":{"start":{"line":51,"column":4},"end":{"line":55,"column":36}},"36":{"start":{"line":51,"column":26},"end":{"line":55,"column":34}},"37":{"start":{"line":56,"column":4},"end":{"line":56,"column":18}},"38":{"start":{"line":58,"column":0},"end":{"line":58,"column":40}}},"fnMap":{"0":{"name":"(anonymous_0)","decl":{"start":{"line":3,"column":23},"end":{"line":3,"column":24}},"loc":{"start":{"line":3,"column":38},"end":{"line":9,"column":1}},"line":3},"1":{"name":"(anonymous_1)","decl":{"start":{"line":10,"column":18},"end":{"line":10,"column":19}},"loc":{"start":{"line":10,"column":33},"end":{"line":14,"column":1}},"line":10},"2":{"name":"(anonymous_2)","decl":{"start":{"line":15,"column":19},"end":{"line":15,"column":20}},"loc":{"start":{"line":15,"column":34},"end":{"line":19,"column":1}},"line":15},"3":{"name":"(anonymous_3)","decl":{"start":{"line":20,"column":20},"end":{"line":20,"column":21}},"loc":{"start":{"line":20,"column":35},"end":{"line":24,"column":1}},"line":20},"4":{"name":"(anonymous_4)","decl":{"start":{"line":25,"column":19},"end":{"line":25,"column":20}},"loc":{"start":{"line":25,"column":34},"end":{"line":25,"column":58}},"line":25},"5":{"name":"(anonymous_5)","decl":{"start":{"line":26,"column":22},"end":{"line":26,"column":23}},"loc":{"start":{"line":26,"column":37},"end":{"line":26,"column":61}},"line":26},"6":{"name":"(anonymous_6)","decl":{"start":{"line":27,"column":26},"end":{"line":27,"column":27}},"loc":{"start":{"line":27,"column":40},"end":{"line":31,"column":1}},"line":27},"7":{"name":"(anonymous_7)","decl":{"start":{"line":32,"column":28},"end":{"line":32,"column":29}},"loc":{"start":{"line":32,"column":42},"end":{"line":37,"column":1}},"line":32},"8":{"name":"(anonymous_8)","decl":{"start":{"line":38,"column":30},"end":{"line":38,"column":31}},"loc":{"start":{"line":38,"column":40},"end":{"line":57,"column":1}},"line":38},"9":{"name":"(anonymous_9)","decl":{"start":{"line":39,"column":28},"end":{"line":39,"column":29}},"loc":{"start":{"line":39,"column":39},"end":{"line":50,"column":5}},"line":39},"10":{"name":"(anonymous_10)","decl":{"start":{"line":51,"column":16},"end":{"line":51,"column":17}},"loc":{"start":{"line":51,"column":26},"end":{"line":55,"column":34}},"line":51}},"branchMap":{"0":{"loc":{"start":{"line":4,"column":4},"end":{"line":5,"column":23}},"type":"if","locations":[{"start":{"line":4,"column":4},"end":{"line":5,"column":23}},{"start":{"line":4,"column":4},"end":{"line":5,"column":23}}],"line":4},"1":{"loc":{"start":{"line":6,"column":4},"end":{"line":7,"column":19}},"type":"if","locations":[{"start":{"line":6,"column":4},"end":{"line":7,"column":19}},{"start":{"line":6,"column":4},"end":{"line":7,"column":19}}],"line":6},"2":{"loc":{"start":{"line":11,"column":4},"end":{"line":12,"column":23}},"type":"if","locations":[{"start":{"line":11,"column":4},"end":{"line":12,"column":23}},{"start":{"line":11,"column":4},"end":{"line":12,"column":23}}],"line":11},"3":{"loc":{"start":{"line":16,"column":4},"end":{"line":17,"column":23}},"type":"if","locations":[{"start":{"line":16,"column":4},"end":{"line":17,"column":23}},{"start":{"line":16,"column":4},"end":{"line":17,"column":23}}],"line":16},"4":{"loc":{"start":{"line":21,"column":4},"end":{"line":22,"column":23}},"type":"if","locations":[{"start":{"line":21,"column":4},"end":{"line":22,"column":23}},{"start":{"line":21,"column":4},"end":{"line":22,"column":23}}],"line":21},"5":{"loc":{"start":{"line":51,"column":26},"end":{"line":55,"column":34}},"type":"binary-expr","locations":[{"start":{"line":51,"column":26},"end":{"line":51,"column":55}},{"start":{"line":52,"column":11},"end":{"line":52,"column":46}},{"start":{"line":53,"column":11},"end":{"line":53,"column":42}},{"start":{"line":54,"column":11},"end":{"line":54,"column":38}},{"start":{"line":55,"column":11},"end":{"line":55,"column":34}}],"line":51}},"s":{"0":1,"1":1,"2":20,"3":8,"4":12,"5":4,"6":8,"7":1,"8":10,"9":4,"10":6,"11":1,"12":10,"13":4,"14":6,"15":1,"16":10,"17":2,"18":8,"19":1,"20":20,"21":1,"22":20,"23":1,"24":4,"25":4,"26":4,"27":1,"28":4,"29":4,"30":4,"31":4,"32":1,"33":2,"34":4,"35":2,"36":2,"37":2,"38":1},"f":{"0":20,"1":10,"2":10,"3":10,"4":20,"5":20,"6":4,"7":4,"8":2,"9":4,"10":2},"b":{"0":[8,12],"1":[4,8],"2":[4,6],"3":[4,6],"4":[2,8],"5":[2,2,2,0,0]},"inputSourceMap":{"version":3,"file":"/home/gss-dev/Workspace/TRYBE/PROJETOS/sd-021-b-trybe-futebol-clube/app/backend/src/utils/leaderboardAway.ts","sources":["/home/gss-dev/Workspace/TRYBE/PROJETOS/sd-021-b-trybe-futebol-clube/app/backend/src/utils/leaderboardAway.ts"],"names":[],"mappings":";;AAUA,MAAM,cAAc,GAAG,CAAC,GAAW,EAAE,IAAe,EAAE,EAAE;IACtD,IAAI,IAAI,CAAC,aAAa,GAAG,IAAI,CAAC,aAAa;QAAE,OAAO,GAAG,GAAG,CAAC,CAAC;IAC5D,IAAI,IAAI,CAAC,aAAa,GAAG,IAAI,CAAC,aAAa;QAAE,OAAO,GAAG,CAAC;IACxD,OAAO,GAAG,GAAG,CAAC,CAAC;AACjB,CAAC,CAAC;AAEF,MAAM,SAAS,GAAG,CAAC,GAAW,EAAE,IAAe,EAAE,EAAE;IACjD,IAAI,IAAI,CAAC,aAAa,GAAG,IAAI,CAAC,aAAa;QAAE,OAAO,GAAG,GAAG,CAAC,CAAC;IAC5D,OAAO,GAAG,CAAC;AACb,CAAC,CAAC;AAEF,MAAM,UAAU,GAAG,CAAC,GAAW,EAAE,IAAe,EAAE,EAAE;IAClD,IAAI,IAAI,CAAC,aAAa,KAAK,IAAI,CAAC,aAAa;QAAE,OAAO,GAAG,GAAG,CAAC,CAAC;IAC9D,OAAO,GAAG,CAAC;AACb,CAAC,CAAC;AAEF,MAAM,WAAW,GAAG,CAAC,GAAW,EAAE,IAAe,EAAE,EAAE;IACnD,IAAI,IAAI,CAAC,aAAa,GAAG,IAAI,CAAC,aAAa;QAAE,OAAO,GAAG,GAAG,CAAC,CAAC;IAC5D,OAAO,GAAG,CAAC;AACb,CAAC,CAAC;AAEF,MAAM,UAAU,GAAG,CAAC,GAAW,EAAE,IAAe,EAAE,EAAE,CAAC,GAAG,GAAG,IAAI,CAAC,aAAa,CAAC;AAE9E,MAAM,aAAa,GAAG,CAAC,GAAW,EAAE,IAAe,EAAE,EAAE,CAAC,GAAG,GAAG,IAAI,CAAC,aAAa,CAAC;AAEjF,MAAM,iBAAiB,GAAG,CAAC,QAAqB,EAAE,EAAE;IAClD,MAAM,KAAK,GAAG,QAAQ,CAAC,MAAM,CAAC,UAAU,EAAE,CAAC,CAAC,CAAC;IAC7C,MAAM,QAAQ,GAAG,QAAQ,CAAC,MAAM,CAAC,aAAa,EAAE,CAAC,CAAC,CAAC;IACnD,OAAO,KAAK,GAAG,QAAQ,CAAC;AAC1B,CAAC,CAAC;AAEF,MAAM,mBAAmB,GAAG,CAAC,QAAqB,EAAE,EAAE;IACpD,MAAM,WAAW,GAAG,QAAQ,CAAC,MAAM,CAAC,cAAc,EAAE,CAAC,CAAC,CAAC;IACvD,MAAM,UAAU,GAAG,QAAQ,CAAC,MAAM,CAAC;IACnC,MAAM,UAAU,GAAG,CAAC,WAAW,GAAG,CAAC,UAAU,GAAG,CAAC,CAAC,CAAC,GAAG,GAAG,CAAC;IAC1D,OAAO,MAAM,CAAC,UAAU,CAAC,OAAO,CAAC,CAAC,CAAC,CAAC,CAAC;AACvC,CAAC,CAAC;AAEF,MAAM,qBAAqB,GAAG,CAAC,IAA4B,EAAE,EAAE;IAC7D,MAAM,MAAM,GAAG,IAAI,CAAC,GAAG,CAAC,CAAC,IAAI,EAAE,EAAE,CAAC,CAAC;QACjC,IAAI,EAAE,IAAI,CAAC,QAAQ;QACnB,WAAW,EAAE,IAAI,CAAC,QAAQ,CAAC,MAAM,CAAC,cAAc,EAAE,CAAC,CAAC;QACpD,UAAU,EAAE,IAAI,CAAC,QAAQ,CAAC,MAAM;QAChC,cAAc,EAAE,IAAI,CAAC,QAAQ,CAAC,MAAM,CAAC,SAAS,EAAE,CAAC,CAAC;QAClD,UAAU,EAAE,IAAI,CAAC,QAAQ,CAAC,MAAM,CAAC,UAAU,EAAE,CAAC,CAAC;QAC/C,WAAW,EAAE,IAAI,CAAC,QAAQ,CAAC,MAAM,CAAC,WAAW,EAAE,CAAC,CAAC;QACjD,UAAU,EAAE,IAAI,CAAC,QAAQ,CAAC,MAAM,CAAC,UAAU,EAAE,CAAC,CAAC;QAC/C,QAAQ,EAAE,IAAI,CAAC,QAAQ,CAAC,MAAM,CAAC,aAAa,EAAE,CAAC,CAAC;QAChD,YAAY,EAAE,iBAAiB,CAAC,IAAI,CAAC,QAAQ,CAAC;QAC9C,UAAU,EAAE,mBAAmB,CAAC,IAAI,CAAC,QAAQ,CAAC;KAC/C,CAAC,CAAC,CAAC;IAEJ,MAAM,CAAC,IAAI,CAAC,CAAC,CAAC,EAAE,CAAC,EAAE,EAAE,CAAC,CAAC,CAAC,WAAW,GAAG,CAAC,CAAC,WAAW;WAC9C,CAAC,CAAC,cAAc,GAAG,CAAC,CAAC,cAAc;WACnC,CAAC,CAAC,YAAY,GAAG,CAAC,CAAC,YAAY;WAC/B,CAAC,CAAC,UAAU,GAAG,CAAC,CAAC,UAAU;WAC3B,CAAC,CAAC,QAAQ,GAAG,CAAC,CAAC,QAAQ,CAAC,CAAC;IAE9B,OAAO,MAAM,CAAC;AAChB,CAAC,CAAC;AAEF,kBAAe,qBAAqB,CAAC","sourcesContent":["interface ITeamData {\n  homeTeamGoals: number;\n  awayTeamGoals: number;\n}\n\nexport interface ILeaderboardAwayData {\n  teamName: string;\n  teamAway: ITeamData[];\n}\n\nconst sumTotalPoints = (acc: number, curr: ITeamData) => {\n  if (curr.awayTeamGoals > curr.homeTeamGoals) return acc + 3;\n  if (curr.awayTeamGoals < curr.homeTeamGoals) return acc;\n  return acc + 1;\n};\n\nconst countWins = (acc: number, curr: ITeamData) => {\n  if (curr.awayTeamGoals > curr.homeTeamGoals) return acc + 1;\n  return acc;\n};\n\nconst countDraws = (acc: number, curr: ITeamData) => {\n  if (curr.homeTeamGoals === curr.awayTeamGoals) return acc + 1;\n  return acc;\n};\n\nconst countLosses = (acc: number, curr: ITeamData) => {\n  if (curr.awayTeamGoals < curr.homeTeamGoals) return acc + 1;\n  return acc;\n};\n\nconst countGoals = (acc: number, curr: ITeamData) => acc + curr.awayTeamGoals;\n\nconst countGoalsOwn = (acc: number, curr: ITeamData) => acc + curr.homeTeamGoals;\n\nconst countGoalsBalance = (teamAway: ITeamData[]) => {\n  const goals = teamAway.reduce(countGoals, 0);\n  const goalsOwn = teamAway.reduce(countGoalsOwn, 0);\n  return goals - goalsOwn;\n};\n\nconst calculateEfficiency = (teamAway: ITeamData[]) => {\n  const totalPoints = teamAway.reduce(sumTotalPoints, 0);\n  const totalGames = teamAway.length;\n  const efficiency = (totalPoints / (totalGames * 3)) * 100;\n  return Number(efficiency.toFixed(2));\n};\n\nconst formatLeaderboardAway = (data: ILeaderboardAwayData[]) => {\n  const result = data.map((team) => ({\n    name: team.teamName,\n    totalPoints: team.teamAway.reduce(sumTotalPoints, 0),\n    totalGames: team.teamAway.length,\n    totalVictories: team.teamAway.reduce(countWins, 0),\n    totalDraws: team.teamAway.reduce(countDraws, 0),\n    totalLosses: team.teamAway.reduce(countLosses, 0),\n    goalsFavor: team.teamAway.reduce(countGoals, 0),\n    goalsOwn: team.teamAway.reduce(countGoalsOwn, 0),\n    goalsBalance: countGoalsBalance(team.teamAway),\n    efficiency: calculateEfficiency(team.teamAway),\n  }));\n\n  result.sort((a, b) => b.totalPoints - a.totalPoints\n    || b.totalVictories - a.totalVictories\n    || b.goalsBalance - a.goalsBalance\n    || b.goalsFavor - a.goalsFavor\n    || a.goalsOwn - b.goalsOwn);\n\n  return result;\n};\n\nexport default formatLeaderboardAway;\n"]},"_coverageSchema":"1a1c01bbd47fc00a2c39e90264f33305004495a9","hash":"c32f91ee3a1aacc8ff247967a14159454b8e6af3"},"/home/gss-dev/Workspace/TRYBE/PROJETOS/sd-021-b-trybe-futebol-clube/app/backend/src/utils/leaderboardHome.ts":{"path":"/home/gss-dev/Workspace/TRYBE/PROJETOS/sd-021-b-trybe-futebol-clube/app/backend/src/utils/leaderboardHome.ts","statementMap":{"0":{"start":{"line":2,"column":0},"end":{"line":2,"column":62}},"1":{"start":{"line":3,"column":23},"end":{"line":9,"column":1}},"2":{"start":{"line":4,"column":4},"end":{"line":5,"column":23}},"3":{"start":{"line":5,"column":8},"end":{"line":5,"column":23}},"4":{"start":{"line":6,"column":4},"end":{"line":7,"column":19}},"5":{"start":{"line":7,"column":8},"end":{"line":7,"column":19}},"6":{"start":{"line":8,"column":4},"end":{"line":8,"column":19}},"7":{"start":{"line":10,"column":18},"end":{"line":14,"column":1}},"8":{"start":{"line":11,"column":4},"end":{"line":12,"column":23}},"9":{"start":{"line":12,"column":8},"end":{"line":12,"column":23}},"10":{"start":{"line":13,"column":4},"end":{"line":13,"column":15}},"11":{"start":{"line":15,"column":19},"end":{"line":19,"column":1}},"12":{"start":{"line":16,"column":4},"end":{"line":17,"column":23}},"13":{"start":{"line":17,"column":8},"end":{"line":17,"column":23}},"14":{"start":{"line":18,"column":4},"end":{"line":18,"column":15}},"15":{"start":{"line":20,"column":20},"end":{"line":24,"column":1}},"16":{"start":{"line":21,"column":4},"end":{"line":22,"column":23}},"17":{"start":{"line":22,"column":8},"end":{"line":22,"column":23}},"18":{"start":{"line":23,"column":4},"end":{"line":23,"column":15}},"19":{"start":{"line":25,"column":19},"end":{"line":25,"column":58}},"20":{"start":{"line":25,"column":34},"end":{"line":25,"column":58}},"21":{"start":{"line":26,"column":22},"end":{"line":26,"column":61}},"22":{"start":{"line":26,"column":37},"end":{"line":26,"column":61}},"23":{"start":{"line":27,"column":26},"end":{"line":31,"column":1}},"24":{"start":{"line":28,"column":18},"end":{"line":28,"column":48}},"25":{"start":{"line":29,"column":21},"end":{"line":29,"column":54}},"26":{"start":{"line":30,"column":4},"end":{"line":30,"column":28}},"27":{"start":{"line":32,"column":28},"end":{"line":37,"column":1}},"28":{"start":{"line":33,"column":24},"end":{"line":33,"column":58}},"29":{"start":{"line":34,"column":23},"end":{"line":34,"column":38}},"30":{"start":{"line":35,"column":23},"end":{"line":35,"column":61}},"31":{"start":{"line":36,"column":4},"end":{"line":36,"column":41}},"32":{"start":{"line":38,"column":30},"end":{"line":57,"column":1}},"33":{"start":{"line":39,"column":19},"end":{"line":50,"column":7}},"34":{"start":{"line":39,"column":39},"end":{"line":50,"column":5}},"35":{"start":{"line":51,"column":4},"end":{"line":55,"column":36}},"36":{"start":{"line":51,"column":26},"end":{"line":55,"column":34}},"37":{"start":{"line":56,"column":4},"end":{"line":56,"column":18}},"38":{"start":{"line":58,"column":0},"end":{"line":58,"column":40}}},"fnMap":{"0":{"name":"(anonymous_0)","decl":{"start":{"line":3,"column":23},"end":{"line":3,"column":24}},"loc":{"start":{"line":3,"column":38},"end":{"line":9,"column":1}},"line":3},"1":{"name":"(anonymous_1)","decl":{"start":{"line":10,"column":18},"end":{"line":10,"column":19}},"loc":{"start":{"line":10,"column":33},"end":{"line":14,"column":1}},"line":10},"2":{"name":"(anonymous_2)","decl":{"start":{"line":15,"column":19},"end":{"line":15,"column":20}},"loc":{"start":{"line":15,"column":34},"end":{"line":19,"column":1}},"line":15},"3":{"name":"(anonymous_3)","decl":{"start":{"line":20,"column":20},"end":{"line":20,"column":21}},"loc":{"start":{"line":20,"column":35},"end":{"line":24,"column":1}},"line":20},"4":{"name":"(anonymous_4)","decl":{"start":{"line":25,"column":19},"end":{"line":25,"column":20}},"loc":{"start":{"line":25,"column":34},"end":{"line":25,"column":58}},"line":25},"5":{"name":"(anonymous_5)","decl":{"start":{"line":26,"column":22},"end":{"line":26,"column":23}},"loc":{"start":{"line":26,"column":37},"end":{"line":26,"column":61}},"line":26},"6":{"name":"(anonymous_6)","decl":{"start":{"line":27,"column":26},"end":{"line":27,"column":27}},"loc":{"start":{"line":27,"column":40},"end":{"line":31,"column":1}},"line":27},"7":{"name":"(anonymous_7)","decl":{"start":{"line":32,"column":28},"end":{"line":32,"column":29}},"loc":{"start":{"line":32,"column":42},"end":{"line":37,"column":1}},"line":32},"8":{"name":"(anonymous_8)","decl":{"start":{"line":38,"column":30},"end":{"line":38,"column":31}},"loc":{"start":{"line":38,"column":40},"end":{"line":57,"column":1}},"line":38},"9":{"name":"(anonymous_9)","decl":{"start":{"line":39,"column":28},"end":{"line":39,"column":29}},"loc":{"start":{"line":39,"column":39},"end":{"line":50,"column":5}},"line":39},"10":{"name":"(anonymous_10)","decl":{"start":{"line":51,"column":16},"end":{"line":51,"column":17}},"loc":{"start":{"line":51,"column":26},"end":{"line":55,"column":34}},"line":51}},"branchMap":{"0":{"loc":{"start":{"line":4,"column":4},"end":{"line":5,"column":23}},"type":"if","locations":[{"start":{"line":4,"column":4},"end":{"line":5,"column":23}},{"start":{"line":4,"column":4},"end":{"line":5,"column":23}}],"line":4},"1":{"loc":{"start":{"line":6,"column":4},"end":{"line":7,"column":19}},"type":"if","locations":[{"start":{"line":6,"column":4},"end":{"line":7,"column":19}},{"start":{"line":6,"column":4},"end":{"line":7,"column":19}}],"line":6},"2":{"loc":{"start":{"line":11,"column":4},"end":{"line":12,"column":23}},"type":"if","locations":[{"start":{"line":11,"column":4},"end":{"line":12,"column":23}},{"start":{"line":11,"column":4},"end":{"line":12,"column":23}}],"line":11},"3":{"loc":{"start":{"line":16,"column":4},"end":{"line":17,"column":23}},"type":"if","locations":[{"start":{"line":16,"column":4},"end":{"line":17,"column":23}},{"start":{"line":16,"column":4},"end":{"line":17,"column":23}}],"line":16},"4":{"loc":{"start":{"line":21,"column":4},"end":{"line":22,"column":23}},"type":"if","locations":[{"start":{"line":21,"column":4},"end":{"line":22,"column":23}},{"start":{"line":21,"column":4},"end":{"line":22,"column":23}}],"line":21},"5":{"loc":{"start":{"line":51,"column":26},"end":{"line":55,"column":34}},"type":"binary-expr","locations":[{"start":{"line":51,"column":26},"end":{"line":51,"column":55}},{"start":{"line":52,"column":11},"end":{"line":52,"column":46}},{"start":{"line":53,"column":11},"end":{"line":53,"column":42}},{"start":{"line":54,"column":11},"end":{"line":54,"column":38}},{"start":{"line":55,"column":11},"end":{"line":55,"column":34}}],"line":51}},"s":{"0":1,"1":1,"2":20,"3":8,"4":12,"5":4,"6":8,"7":1,"8":10,"9":4,"10":6,"11":1,"12":10,"13":4,"14":6,"15":1,"16":10,"17":2,"18":8,"19":1,"20":20,"21":1,"22":20,"23":1,"24":4,"25":4,"26":4,"27":1,"28":4,"29":4,"30":4,"31":4,"32":1,"33":2,"34":4,"35":2,"36":2,"37":2,"38":1},"f":{"0":20,"1":10,"2":10,"3":10,"4":20,"5":20,"6":4,"7":4,"8":2,"9":4,"10":2},"b":{"0":[8,12],"1":[4,8],"2":[4,6],"3":[4,6],"4":[2,8],"5":[2,2,2,0,0]},"inputSourceMap":{"version":3,"file":"/home/gss-dev/Workspace/TRYBE/PROJETOS/sd-021-b-trybe-futebol-clube/app/backend/src/utils/leaderboardHome.ts","sources":["/home/gss-dev/Workspace/TRYBE/PROJETOS/sd-021-b-trybe-futebol-clube/app/backend/src/utils/leaderboardHome.ts"],"names":[],"mappings":";;AAUA,MAAM,cAAc,GAAG,CAAC,GAAW,EAAE,IAAe,EAAE,EAAE;IACtD,IAAI,IAAI,CAAC,aAAa,GAAG,IAAI,CAAC,aAAa;QAAE,OAAO,GAAG,GAAG,CAAC,CAAC;IAC5D,IAAI,IAAI,CAAC,aAAa,GAAG,IAAI,CAAC,aAAa;QAAE,OAAO,GAAG,CAAC;IACxD,OAAO,GAAG,GAAG,CAAC,CAAC;AACjB,CAAC,CAAC;AAEF,MAAM,SAAS,GAAG,CAAC,GAAW,EAAE,IAAe,EAAE,EAAE;IACjD,IAAI,IAAI,CAAC,aAAa,GAAG,IAAI,CAAC,aAAa;QAAE,OAAO,GAAG,GAAG,CAAC,CAAC;IAC5D,OAAO,GAAG,CAAC;AACb,CAAC,CAAC;AAEF,MAAM,UAAU,GAAG,CAAC,GAAW,EAAE,IAAe,EAAE,EAAE;IAClD,IAAI,IAAI,CAAC,aAAa,KAAK,IAAI,CAAC,aAAa;QAAE,OAAO,GAAG,GAAG,CAAC,CAAC;IAC9D,OAAO,GAAG,CAAC;AACb,CAAC,CAAC;AAEF,MAAM,WAAW,GAAG,CAAC,GAAW,EAAE,IAAe,EAAE,EAAE;IACnD,IAAI,IAAI,CAAC,aAAa,GAAG,IAAI,CAAC,aAAa;QAAE,OAAO,GAAG,GAAG,CAAC,CAAC;IAC5D,OAAO,GAAG,CAAC;AACb,CAAC,CAAC;AAEF,MAAM,UAAU,GAAG,CAAC,GAAW,EAAE,IAAe,EAAE,EAAE,CAAC,GAAG,GAAG,IAAI,CAAC,aAAa,CAAC;AAE9E,MAAM,aAAa,GAAG,CAAC,GAAW,EAAE,IAAe,EAAE,EAAE,CAAC,GAAG,GAAG,IAAI,CAAC,aAAa,CAAC;AAEjF,MAAM,iBAAiB,GAAG,CAAC,QAAqB,EAAE,EAAE;IAClD,MAAM,KAAK,GAAG,QAAQ,CAAC,MAAM,CAAC,UAAU,EAAE,CAAC,CAAC,CAAC;IAC7C,MAAM,QAAQ,GAAG,QAAQ,CAAC,MAAM,CAAC,aAAa,EAAE,CAAC,CAAC,CAAC;IACnD,OAAO,KAAK,GAAG,QAAQ,CAAC;AAC1B,CAAC,CAAC;AAEF,MAAM,mBAAmB,GAAG,CAAC,QAAqB,EAAE,EAAE;IACpD,MAAM,WAAW,GAAG,QAAQ,CAAC,MAAM,CAAC,cAAc,EAAE,CAAC,CAAC,CAAC;IACvD,MAAM,UAAU,GAAG,QAAQ,CAAC,MAAM,CAAC;IACnC,MAAM,UAAU,GAAG,CAAC,WAAW,GAAG,CAAC,UAAU,GAAG,CAAC,CAAC,CAAC,GAAG,GAAG,CAAC;IAC1D,OAAO,MAAM,CAAC,UAAU,CAAC,OAAO,CAAC,CAAC,CAAC,CAAC,CAAC;AACvC,CAAC,CAAC;AAEF,MAAM,qBAAqB,GAAG,CAAC,IAAwB,EAAE,EAAE;IACzD,MAAM,MAAM,GAAG,IAAI,CAAC,GAAG,CAAC,CAAC,IAAI,EAAE,EAAE,CAAC,CAAC;QACjC,IAAI,EAAE,IAAI,CAAC,QAAQ;QACnB,WAAW,EAAE,IAAI,CAAC,QAAQ,CAAC,MAAM,CAAC,cAAc,EAAE,CAAC,CAAC;QACpD,UAAU,EAAE,IAAI,CAAC,QAAQ,CAAC,MAAM;QAChC,cAAc,EAAE,IAAI,CAAC,QAAQ,CAAC,MAAM,CAAC,SAAS,EAAE,CAAC,CAAC;QAClD,UAAU,EAAE,IAAI,CAAC,QAAQ,CAAC,MAAM,CAAC,UAAU,EAAE,CAAC,CAAC;QAC/C,WAAW,EAAE,IAAI,CAAC,QAAQ,CAAC,MAAM,CAAC,WAAW,EAAE,CAAC,CAAC;QACjD,UAAU,EAAE,IAAI,CAAC,QAAQ,CAAC,MAAM,CAAC,UAAU,EAAE,CAAC,CAAC;QAC/C,QAAQ,EAAE,IAAI,CAAC,QAAQ,CAAC,MAAM,CAAC,aAAa,EAAE,CAAC,CAAC;QAChD,YAAY,EAAE,iBAAiB,CAAC,IAAI,CAAC,QAAQ,CAAC;QAC9C,UAAU,EAAE,mBAAmB,CAAC,IAAI,CAAC,QAAQ,CAAC;KAC/C,CAAC,CAAC,CAAC;IAEJ,MAAM,CAAC,IAAI,CAAC,CAAC,CAAC,EAAE,CAAC,EAAE,EAAE,CAAC,CAAC,CAAC,WAAW,GAAG,CAAC,CAAC,WAAW;WAC9C,CAAC,CAAC,cAAc,GAAG,CAAC,CAAC,cAAc;WACnC,CAAC,CAAC,YAAY,GAAG,CAAC,CAAC,YAAY;WAC/B,CAAC,CAAC,UAAU,GAAG,CAAC,CAAC,UAAU;WAC3B,CAAC,CAAC,QAAQ,GAAG,CAAC,CAAC,QAAQ,CAAC,CAAC;IAE9B,OAAO,MAAM,CAAC;AAChB,CAAC,CAAC;AAEF,kBAAe,qBAAqB,CAAC","sourcesContent":["interface ITeamData {\n  homeTeamGoals: number;\n  awayTeamGoals: number;\n}\n\nexport interface ILeaderboardData {\n  teamName: string;\n  teamHome: ITeamData[];\n}\n\nconst sumTotalPoints = (acc: number, curr: ITeamData) => {\n  if (curr.homeTeamGoals > curr.awayTeamGoals) return acc + 3;\n  if (curr.homeTeamGoals < curr.awayTeamGoals) return acc;\n  return acc + 1;\n};\n\nconst countWins = (acc: number, curr: ITeamData) => {\n  if (curr.homeTeamGoals > curr.awayTeamGoals) return acc + 1;\n  return acc;\n};\n\nconst countDraws = (acc: number, curr: ITeamData) => {\n  if (curr.homeTeamGoals === curr.awayTeamGoals) return acc + 1;\n  return acc;\n};\n\nconst countLosses = (acc: number, curr: ITeamData) => {\n  if (curr.homeTeamGoals < curr.awayTeamGoals) return acc + 1;\n  return acc;\n};\n\nconst countGoals = (acc: number, curr: ITeamData) => acc + curr.homeTeamGoals;\n\nconst countGoalsOwn = (acc: number, curr: ITeamData) => acc + curr.awayTeamGoals;\n\nconst countGoalsBalance = (teamHome: ITeamData[]) => {\n  const goals = teamHome.reduce(countGoals, 0);\n  const goalsOwn = teamHome.reduce(countGoalsOwn, 0);\n  return goals - goalsOwn;\n};\n\nconst calculateEfficiency = (teamHome: ITeamData[]) => {\n  const totalPoints = teamHome.reduce(sumTotalPoints, 0);\n  const totalGames = teamHome.length;\n  const efficiency = (totalPoints / (totalGames * 3)) * 100;\n  return Number(efficiency.toFixed(2));\n};\n\nconst formatLeaderboardHome = (data: ILeaderboardData[]) => {\n  const result = data.map((team) => ({\n    name: team.teamName,\n    totalPoints: team.teamHome.reduce(sumTotalPoints, 0),\n    totalGames: team.teamHome.length,\n    totalVictories: team.teamHome.reduce(countWins, 0),\n    totalDraws: team.teamHome.reduce(countDraws, 0),\n    totalLosses: team.teamHome.reduce(countLosses, 0),\n    goalsFavor: team.teamHome.reduce(countGoals, 0),\n    goalsOwn: team.teamHome.reduce(countGoalsOwn, 0),\n    goalsBalance: countGoalsBalance(team.teamHome),\n    efficiency: calculateEfficiency(team.teamHome),\n  }));\n\n  result.sort((a, b) => b.totalPoints - a.totalPoints\n    || b.totalVictories - a.totalVictories\n    || b.goalsBalance - a.goalsBalance\n    || b.goalsFavor - a.goalsFavor\n    || a.goalsOwn - b.goalsOwn);\n\n  return result;\n};\n\nexport default formatLeaderboardHome;\n"]},"_coverageSchema":"1a1c01bbd47fc00a2c39e90264f33305004495a9","hash":"82be6df15bdae7a868a85157e098acd050e72cc0"},"/home/gss-dev/Workspace/TRYBE/PROJETOS/sd-021-b-trybe-futebol-clube/app/backend/src/database/models/MatcheModel.ts":{"path":"/home/gss-dev/Workspace/TRYBE/PROJETOS/sd-021-b-trybe-futebol-clube/app/backend/src/database/models/MatcheModel.ts","statementMap":{"0":{"start":{"line":2,"column":0},"end":{"line":2,"column":62}},"1":{"start":{"line":3,"column":20},"end":{"line":3,"column":40}},"2":{"start":{"line":4,"column":11},"end":{"line":4,"column":23}},"3":{"start":{"line":5,"column":20},"end":{"line":5,"column":42}},"4":{"start":{"line":8,"column":0},"end":{"line":8,"column":30}},"5":{"start":{"line":9,"column":0},"end":{"line":41,"column":3}},"6":{"start":{"line":42,"column":0},"end":{"line":42,"column":87}},"7":{"start":{"line":43,"column":0},"end":{"line":43,"column":87}},"8":{"start":{"line":44,"column":0},"end":{"line":44,"column":85}},"9":{"start":{"line":45,"column":0},"end":{"line":45,"column":85}}},"fnMap":{},"branchMap":{},"s":{"0":1,"1":1,"2":1,"3":1,"4":1,"5":1,"6":1,"7":1,"8":1,"9":1},"f":{},"b":{},"inputSourceMap":{"version":3,"file":"/home/gss-dev/Workspace/TRYBE/PROJETOS/sd-021-b-trybe-futebol-clube/app/backend/src/database/models/MatcheModel.ts","sources":["/home/gss-dev/Workspace/TRYBE/PROJETOS/sd-021-b-trybe-futebol-clube/app/backend/src/database/models/MatcheModel.ts"],"names":[],"mappings":";;AAAA,yCAAoD;AACpD,wBAAmB;AACnB,2CAAoC;AAEpC,MAAqB,WAAY,SAAQ,iBAAK;CAO7C;AAPD,8BAOC;AAED,WAAW,CAAC,IAAI,CAAC;IACf,EAAE,EAAE;QACF,IAAI,EAAE,mBAAO;QACb,SAAS,EAAE,KAAK;QAChB,UAAU,EAAE,IAAI;QAChB,aAAa,EAAE,IAAI;KACpB;IACD,QAAQ,EAAE;QACR,IAAI,EAAE,mBAAO;QACb,SAAS,EAAE,KAAK;KACjB;IACD,aAAa,EAAE;QACb,IAAI,EAAE,mBAAO;QACb,SAAS,EAAE,KAAK;KACjB;IACD,QAAQ,EAAE;QACR,IAAI,EAAE,mBAAO;QACb,SAAS,EAAE,KAAK;KACjB;IACD,aAAa,EAAE;QACb,IAAI,EAAE,mBAAO;QACb,SAAS,EAAE,KAAK;KACjB;IACD,UAAU,EAAE;QACV,IAAI,EAAE,mBAAO;QACb,SAAS,EAAE,KAAK;KACjB;CACF,EAAE;IACD,SAAS,EAAE,UAAE;IACb,SAAS,EAAE,SAAS;IACpB,WAAW,EAAE,IAAI;IACjB,UAAU,EAAE,KAAK;CAClB,CAAC,CAAC;AAEH,WAAW,CAAC,SAAS,CAAC,mBAAS,EAAE,EAAE,UAAU,EAAE,UAAU,EAAE,EAAE,EAAE,UAAU,EAAE,CAAC,CAAC;AAC7E,WAAW,CAAC,SAAS,CAAC,mBAAS,EAAE,EAAE,UAAU,EAAE,UAAU,EAAE,EAAE,EAAE,UAAU,EAAE,CAAC,CAAC;AAE7E,mBAAS,CAAC,OAAO,CAAC,WAAW,EAAE,EAAE,UAAU,EAAE,UAAU,EAAE,EAAE,EAAE,UAAU,EAAE,CAAC,CAAC;AAC3E,mBAAS,CAAC,OAAO,CAAC,WAAW,EAAE,EAAE,UAAU,EAAE,UAAU,EAAE,EAAE,EAAE,UAAU,EAAE,CAAC,CAAC","sourcesContent":["import { Model, INTEGER, BOOLEAN } from 'sequelize';\nimport db from '.';\nimport TeamModel from './TeamModel';\n\nexport default class MatcheModel extends Model {\n  id!: number;\n  homeTeam!: number;\n  homeTeamGoals!: number;\n  awayTeam!: number;\n  awayTeamGoals!: number;\n  inProgress!: boolean;\n}\n\nMatcheModel.init({\n  id: {\n    type: INTEGER,\n    allowNull: false,\n    primaryKey: true,\n    autoIncrement: true,\n  },\n  homeTeam: {\n    type: INTEGER,\n    allowNull: false,\n  },\n  homeTeamGoals: {\n    type: INTEGER,\n    allowNull: false,\n  },\n  awayTeam: {\n    type: INTEGER,\n    allowNull: false,\n  },\n  awayTeamGoals: {\n    type: INTEGER,\n    allowNull: false,\n  },\n  inProgress: {\n    type: BOOLEAN,\n    allowNull: false,\n  },\n}, {\n  sequelize: db,\n  modelName: 'matches',\n  underscored: true,\n  timestamps: false,\n});\n\nMatcheModel.belongsTo(TeamModel, { foreignKey: 'homeTeam', as: 'teamHome' });\nMatcheModel.belongsTo(TeamModel, { foreignKey: 'awayTeam', as: 'teamAway' });\n\nTeamModel.hasMany(MatcheModel, { foreignKey: 'homeTeam', as: 'teamHome' });\nTeamModel.hasMany(MatcheModel, { foreignKey: 'awayTeam', as: 'teamAway' });\n"]},"_coverageSchema":"1a1c01bbd47fc00a2c39e90264f33305004495a9","hash":"06fcf9800dc14000bca9b06117f00ff9d1328950"},"/home/gss-dev/Workspace/TRYBE/PROJETOS/sd-021-b-trybe-futebol-clube/app/backend/src/database/models/index.ts":{"path":"/home/gss-dev/Workspace/TRYBE/PROJETOS/sd-021-b-trybe-futebol-clube/app/backend/src/database/models/index.ts","statementMap":{"0":{"start":{"line":2,"column":0},"end":{"line":2,"column":62}},"1":{"start":{"line":3,"column":20},"end":{"line":3,"column":40}},"2":{"start":{"line":4,"column":15},"end":{"line":4,"column":44}},"3":{"start":{"line":5,"column":0},"end":{"line":5,"column":52}}},"fnMap":{},"branchMap":{},"s":{"0":1,"1":1,"2":1,"3":1},"f":{},"b":{},"inputSourceMap":{"version":3,"file":"/home/gss-dev/Workspace/TRYBE/PROJETOS/sd-021-b-trybe-futebol-clube/app/backend/src/database/models/index.ts","sources":["/home/gss-dev/Workspace/TRYBE/PROJETOS/sd-021-b-trybe-futebol-clube/app/backend/src/database/models/index.ts"],"names":[],"mappings":";;AAAA,yCAAsC;AACtC,6CAA6C;AAE7C,kBAAe,IAAI,qBAAS,CAAC,MAAM,CAAC,CAAC","sourcesContent":["import { Sequelize } from 'sequelize';\nimport * as config from '../config/database';\n\nexport default new Sequelize(config);\n\n"]},"_coverageSchema":"1a1c01bbd47fc00a2c39e90264f33305004495a9","hash":"f565072571ed892ab4875bee68cd82ad20083de8"},"/home/gss-dev/Workspace/TRYBE/PROJETOS/sd-021-b-trybe-futebol-clube/app/backend/src/database/models/TeamModel.ts":{"path":"/home/gss-dev/Workspace/TRYBE/PROJETOS/sd-021-b-trybe-futebol-clube/app/backend/src/database/models/TeamModel.ts","statementMap":{"0":{"start":{"line":2,"column":0},"end":{"line":2,"column":62}},"1":{"start":{"line":3,"column":20},"end":{"line":3,"column":40}},"2":{"start":{"line":4,"column":11},"end":{"line":4,"column":23}},"3":{"start":{"line":7,"column":0},"end":{"line":7,"column":28}},"4":{"start":{"line":8,"column":0},"end":{"line":24,"column":3}}},"fnMap":{},"branchMap":{},"s":{"0":1,"1":1,"2":1,"3":1,"4":1},"f":{},"b":{},"inputSourceMap":{"version":3,"file":"/home/gss-dev/Workspace/TRYBE/PROJETOS/sd-021-b-trybe-futebol-clube/app/backend/src/database/models/TeamModel.ts","sources":["/home/gss-dev/Workspace/TRYBE/PROJETOS/sd-021-b-trybe-futebol-clube/app/backend/src/database/models/TeamModel.ts"],"names":[],"mappings":";;AAAA,yCAAmD;AACnD,wBAAmB;AAEnB,MAAqB,SAAU,SAAQ,iBAAK;CAG3C;AAHD,4BAGC;AAED,SAAS,CAAC,IAAI,CAAC;IACb,EAAE,EAAE;QACF,IAAI,EAAE,mBAAO;QACb,UAAU,EAAE,IAAI;QAChB,aAAa,EAAE,IAAI;QACnB,SAAS,EAAE,KAAK;KACjB;IACD,QAAQ,EAAE;QACR,IAAI,EAAE,kBAAM;QACZ,SAAS,EAAE,KAAK;KACjB;CACF,EAAE;IACD,WAAW,EAAE,IAAI;IACjB,SAAS,EAAE,UAAE;IACb,SAAS,EAAE,OAAO;IAClB,UAAU,EAAE,KAAK;CAClB,CAAC,CAAC","sourcesContent":["import { INTEGER, STRING, Model } from 'sequelize';\nimport db from '.';\n\nexport default class TeamModel extends Model {\n  id!: number;\n  teamName!: string;\n}\n\nTeamModel.init({\n  id: {\n    type: INTEGER,\n    primaryKey: true,\n    autoIncrement: true,\n    allowNull: false,\n  },\n  teamName: {\n    type: STRING,\n    allowNull: false,\n  },\n}, {\n  underscored: true,\n  sequelize: db,\n  modelName: 'teams',\n  timestamps: false,\n});\n"]},"_coverageSchema":"1a1c01bbd47fc00a2c39e90264f33305004495a9","hash":"0d32f6a503126a515c7a844d9bcd7ff46e2d6abe"},"/home/gss-dev/Workspace/TRYBE/PROJETOS/sd-021-b-trybe-futebol-clube/app/backend/src/utils/leaderboard.ts":{"path":"/home/gss-dev/Workspace/TRYBE/PROJETOS/sd-021-b-trybe-futebol-clube/app/backend/src/utils/leaderboard.ts","statementMap":{"0":{"start":{"line":2,"column":0},"end":{"line":2,"column":62}},"1":{"start":{"line":3,"column":28},"end":{"line":8,"column":1}},"2":{"start":{"line":4,"column":24},"end":{"line":4,"column":59}},"3":{"start":{"line":5,"column":23},"end":{"line":5,"column":56}},"4":{"start":{"line":6,"column":23},"end":{"line":6,"column":61}},"5":{"start":{"line":7,"column":4},"end":{"line":7,"column":41}},"6":{"start":{"line":9,"column":25},"end":{"line":27,"column":1}},"7":{"start":{"line":10,"column":19},"end":{"line":25,"column":6}},"8":{"start":{"line":11,"column":29},"end":{"line":12,"column":60}},"9":{"start":{"line":12,"column":32},"end":{"line":12,"column":59}},"10":{"start":{"line":13,"column":8},"end":{"line":24,"column":10}},"11":{"start":{"line":26,"column":4},"end":{"line":26,"column":18}},"12":{"start":{"line":28,"column":32},"end":{"line":35,"column":1}},"13":{"start":{"line":29,"column":19},"end":{"line":29,"column":51}},"14":{"start":{"line":30,"column":4},"end":{"line":34,"column":36}},"15":{"start":{"line":30,"column":33},"end":{"line":34,"column":34}},"16":{"start":{"line":36,"column":0},"end":{"line":36,"column":42}}},"fnMap":{"0":{"name":"(anonymous_0)","decl":{"start":{"line":3,"column":28},"end":{"line":3,"column":29}},"loc":{"start":{"line":3,"column":44},"end":{"line":8,"column":1}},"line":3},"1":{"name":"(anonymous_1)","decl":{"start":{"line":9,"column":25},"end":{"line":9,"column":26}},"loc":{"start":{"line":9,"column":45},"end":{"line":27,"column":1}},"line":9},"2":{"name":"(anonymous_2)","decl":{"start":{"line":10,"column":28},"end":{"line":10,"column":29}},"loc":{"start":{"line":10,"column":38},"end":{"line":25,"column":5}},"line":10},"3":{"name":"(anonymous_3)","decl":{"start":{"line":12,"column":18},"end":{"line":12,"column":19}},"loc":{"start":{"line":12,"column":32},"end":{"line":12,"column":59}},"line":12},"4":{"name":"(anonymous_4)","decl":{"start":{"line":28,"column":32},"end":{"line":28,"column":33}},"loc":{"start":{"line":28,"column":52},"end":{"line":35,"column":1}},"line":28},"5":{"name":"(anonymous_5)","decl":{"start":{"line":30,"column":23},"end":{"line":30,"column":24}},"loc":{"start":{"line":30,"column":33},"end":{"line":34,"column":34}},"line":30}},"branchMap":{"0":{"loc":{"start":{"line":30,"column":33},"end":{"line":34,"column":34}},"type":"binary-expr","locations":[{"start":{"line":30,"column":33},"end":{"line":30,"column":62}},{"start":{"line":31,"column":11},"end":{"line":31,"column":46}},{"start":{"line":32,"column":11},"end":{"line":32,"column":42}},{"start":{"line":33,"column":11},"end":{"line":33,"column":38}},{"start":{"line":34,"column":11},"end":{"line":34,"column":34}}],"line":30}},"s":{"0":1,"1":1,"2":2,"3":2,"4":2,"5":2,"6":1,"7":2,"8":2,"9":2,"10":2,"11":2,"12":1,"13":2,"14":2,"15":0,"16":1},"f":{"0":2,"1":2,"2":2,"3":2,"4":2,"5":0},"b":{"0":[0,0,0,0,0]},"inputSourceMap":{"version":3,"file":"/home/gss-dev/Workspace/TRYBE/PROJETOS/sd-021-b-trybe-futebol-clube/app/backend/src/utils/leaderboard.ts","sources":["/home/gss-dev/Workspace/TRYBE/PROJETOS/sd-021-b-trybe-futebol-clube/app/backend/src/utils/leaderboard.ts"],"names":[],"mappings":";;AAkBA,MAAM,mBAAmB,GAAG,CAAC,IAAe,EAAE,IAAe,EAAE,EAAE;IAC/D,MAAM,WAAW,GAAG,IAAI,CAAC,WAAW,GAAG,IAAI,CAAC,WAAW,CAAC;IACxD,MAAM,UAAU,GAAG,IAAI,CAAC,UAAU,GAAG,IAAI,CAAC,UAAU,CAAC;IACrD,MAAM,UAAU,GAAG,CAAC,WAAW,GAAG,CAAC,UAAU,GAAG,CAAC,CAAC,CAAC,GAAG,GAAG,CAAC;IAC1D,OAAO,MAAM,CAAC,UAAU,CAAC,OAAO,CAAC,CAAC,CAAC,CAAC,CAAC;AACvC,CAAC,CAAC;AAEF,MAAM,gBAAgB,GAAG,CAAC,EAAE,IAAI,EAAE,IAAI,EAAS,EAAE,EAAE;IACjD,MAAM,MAAM,GAAG,IAAI,CAAC,GAAG,CAAC,CAAC,IAAe,EAAE,EAAE;QAC1C,MAAM,YAAY,GAAG,IAAI;aACtB,IAAI,CAAC,CAAC,QAAmB,EAAE,EAAE,CAAC,QAAQ,CAAC,IAAI,KAAK,IAAI,CAAC,IAAI,CAAc,CAAC;QAC3E,OAAO;YACL,IAAI,EAAE,IAAI,CAAC,IAAI;YACf,WAAW,EAAE,IAAI,CAAC,WAAW,GAAG,YAAY,CAAC,WAAW;YACxD,UAAU,EAAE,IAAI,CAAC,UAAU,GAAG,YAAY,CAAC,UAAU;YACrD,cAAc,EAAE,IAAI,CAAC,cAAc,GAAG,YAAY,CAAC,cAAc;YACjE,UAAU,EAAE,IAAI,CAAC,UAAU,GAAG,YAAY,CAAC,UAAU;YACrD,WAAW,EAAE,IAAI,CAAC,WAAW,GAAG,YAAY,CAAC,WAAW;YACxD,UAAU,EAAE,IAAI,CAAC,UAAU,GAAG,YAAY,CAAC,UAAU;YACrD,QAAQ,EAAE,IAAI,CAAC,QAAQ,GAAG,YAAY,CAAC,QAAQ;YAC/C,YAAY,EAAE,IAAI,CAAC,YAAY,GAAG,YAAY,CAAC,YAAY;YAC3D,UAAU,EAAE,mBAAmB,CAAC,IAAI,EAAE,YAAY,CAAC;SACpD,CAAC;IACJ,CAAC,CAAC,CAAC;IAEH,OAAO,MAAM,CAAC;AAChB,CAAC,CAAC;AAEF,MAAM,uBAAuB,GAAG,CAAC,EAAE,IAAI,EAAE,IAAI,EAAS,EAAE,EAAE;IACxD,MAAM,MAAM,GAAG,gBAAgB,CAAC,EAAE,IAAI,EAAE,IAAI,EAAE,CAAC,CAAC;IAChD,OAAO,MAAM,CAAC,IAAI,CAAC,CAAC,CAAC,EAAE,CAAC,EAAE,EAAE,CAAC,CAAC,CAAC,WAAW,GAAG,CAAC,CAAC,WAAW;WACnD,CAAC,CAAC,cAAc,GAAG,CAAC,CAAC,cAAc;WACnC,CAAC,CAAC,YAAY,GAAG,CAAC,CAAC,YAAY;WAC/B,CAAC,CAAC,UAAU,GAAG,CAAC,CAAC,UAAU;WAC3B,CAAC,CAAC,QAAQ,GAAG,CAAC,CAAC,QAAQ,CAAC,CAAC;AAClC,CAAC,CAAC;AAEF,kBAAe,uBAAuB,CAAC","sourcesContent":["interface IData {\n  home: ITeamData[];\n  away: ITeamData[];\n}\n\ninterface ITeamData {\n  name: string;\n  totalPoints: number;\n  totalGames: number;\n  totalVictories: number;\n  totalDraws: number;\n  totalLosses: number;\n  goalsFavor: number;\n  goalsOwn: number;\n  goalsBalance: number;\n  efficiency: number;\n}\n\nconst calculateEfficiency = (home: ITeamData, away: ITeamData) => {\n  const totalPoints = home.totalPoints + away.totalPoints;\n  const totalGames = home.totalGames + away.totalGames;\n  const efficiency = (totalPoints / (totalGames * 3)) * 100;\n  return Number(efficiency.toFixed(2));\n};\n\nconst joinLeaderboards = ({ home, away }: IData) => {\n  const result = home.map((team: ITeamData) => {\n    const findAwayTeam = away\n      .find((awayTeam: ITeamData) => awayTeam.name === team.name) as ITeamData;\n    return {\n      name: team.name,\n      totalPoints: team.totalPoints + findAwayTeam.totalPoints,\n      totalGames: team.totalGames + findAwayTeam.totalGames,\n      totalVictories: team.totalVictories + findAwayTeam.totalVictories,\n      totalDraws: team.totalDraws + findAwayTeam.totalDraws,\n      totalLosses: team.totalLosses + findAwayTeam.totalLosses,\n      goalsFavor: team.goalsFavor + findAwayTeam.goalsFavor,\n      goalsOwn: team.goalsOwn + findAwayTeam.goalsOwn,\n      goalsBalance: team.goalsBalance + findAwayTeam.goalsBalance,\n      efficiency: calculateEfficiency(team, findAwayTeam),\n    };\n  });\n\n  return result;\n};\n\nconst joinAndSortLeaderboards = ({ home, away }: IData) => {\n  const result = joinLeaderboards({ home, away });\n  return result.sort((a, b) => b.totalPoints - a.totalPoints\n      || b.totalVictories - a.totalVictories\n      || b.goalsBalance - a.goalsBalance\n      || b.goalsFavor - a.goalsFavor\n      || a.goalsOwn - b.goalsOwn);\n};\n\nexport default joinAndSortLeaderboards;\n"]},"_coverageSchema":"1a1c01bbd47fc00a2c39e90264f33305004495a9","hash":"51f5cde06e9fa1cfc4e6e93eaf03d2ab594e0517"},"/home/gss-dev/Workspace/TRYBE/PROJETOS/sd-021-b-trybe-futebol-clube/app/backend/src/enums/statusCode.ts":{"path":"/home/gss-dev/Workspace/TRYBE/PROJETOS/sd-021-b-trybe-futebol-clube/app/backend/src/enums/statusCode.ts","statementMap":{"0":{"start":{"line":2,"column":0},"end":{"line":2,"column":62}},"1":{"start":{"line":4,"column":0},"end":{"line":12,"column":36}},"2":{"start":{"line":5,"column":4},"end":{"line":5,"column":64}},"3":{"start":{"line":6,"column":4},"end":{"line":6,"column":46}},"4":{"start":{"line":7,"column":4},"end":{"line":7,"column":54}},"5":{"start":{"line":8,"column":4},"end":{"line":8,"column":66}},"6":{"start":{"line":9,"column":4},"end":{"line":9,"column":60}},"7":{"start":{"line":10,"column":4},"end":{"line":10,"column":84}},"8":{"start":{"line":11,"column":4},"end":{"line":11,"column":82}},"9":{"start":{"line":13,"column":0},"end":{"line":13,"column":29}}},"fnMap":{"0":{"name":"(anonymous_0)","decl":{"start":{"line":4,"column":1},"end":{"line":4,"column":2}},"loc":{"start":{"line":4,"column":23},"end":{"line":12,"column":1}},"line":4}},"branchMap":{"0":{"loc":{"start":{"line":12,"column":3},"end":{"line":12,"column":34}},"type":"binary-expr","locations":[{"start":{"line":12,"column":3},"end":{"line":12,"column":13}},{"start":{"line":12,"column":18},"end":{"line":12,"column":33}}],"line":12}},"s":{"0":1,"1":1,"2":1,"3":1,"4":1,"5":1,"6":1,"7":1,"8":1,"9":1},"f":{"0":1},"b":{"0":[1,1]},"inputSourceMap":{"version":3,"file":"/home/gss-dev/Workspace/TRYBE/PROJETOS/sd-021-b-trybe-futebol-clube/app/backend/src/enums/statusCode.ts","sources":["/home/gss-dev/Workspace/TRYBE/PROJETOS/sd-021-b-trybe-futebol-clube/app/backend/src/enums/statusCode.ts"],"names":[],"mappings":";;AAAA,IAAK,UAQJ;AARD,WAAK,UAAU;IACb,2DAAiB,CAAA;IACjB,yCAAQ,CAAA;IACR,iDAAY,CAAA;IACZ,6DAAkB,CAAA;IAClB,uDAAe,CAAA;IACf,+EAA2B,CAAA;IAC3B,6EAA0B,CAAA;AAC5B,CAAC,EARI,UAAU,KAAV,UAAU,QAQd;AACD,kBAAe,UAAU,CAAC","sourcesContent":["enum statusCode {\n  BAD_REQUEST = 400,\n  OK = 200,\n  CREATE = 201,\n  UNAUTHORIZED = 401,\n  NOT_FOUND = 404,\n  INTERNAL_SERVER_ERROR = 500,\n  UNPROCESSABLE_ENTITY = 422,\n}\nexport default statusCode;\n"]},"_coverageSchema":"1a1c01bbd47fc00a2c39e90264f33305004495a9","hash":"859334be17062a135b15e01a008c458db3720dbc"},"/home/gss-dev/Workspace/TRYBE/PROJETOS/sd-021-b-trybe-futebol-clube/app/backend/src/app.ts":{"path":"/home/gss-dev/Workspace/TRYBE/PROJETOS/sd-021-b-trybe-futebol-clube/app/backend/src/app.ts","statementMap":{"0":{"start":{"line":2,"column":0},"end":{"line":2,"column":62}},"1":{"start":{"line":3,"column":0},"end":{"line":3,"column":35}},"2":{"start":{"line":4,"column":0},"end":{"line":4,"column":32}},"3":{"start":{"line":5,"column":16},"end":{"line":5,"column":34}},"4":{"start":{"line":6,"column":25},"end":{"line":6,"column":64}},"5":{"start":{"line":7,"column":23},"end":{"line":7,"column":55}},"6":{"start":{"line":8,"column":23},"end":{"line":8,"column":55}},"7":{"start":{"line":9,"column":25},"end":{"line":9,"column":59}},"8":{"start":{"line":10,"column":29},"end":{"line":10,"column":67}},"9":{"start":{"line":13,"column":8},"end":{"line":13,"column":29}},"10":{"start":{"line":14,"column":8},"end":{"line":14,"column":22}},"11":{"start":{"line":16,"column":8},"end":{"line":16,"column":64}},"12":{"start":{"line":16,"column":40},"end":{"line":16,"column":62}},"13":{"start":{"line":17,"column":8},"end":{"line":17,"column":22}},"14":{"start":{"line":20,"column":30},"end":{"line":25,"column":9}},"15":{"start":{"line":21,"column":12},"end":{"line":21,"column":59}},"16":{"start":{"line":22,"column":12},"end":{"line":22,"column":92}},"17":{"start":{"line":23,"column":12},"end":{"line":23,"column":60}},"18":{"start":{"line":24,"column":12},"end":{"line":24,"column":19}},"19":{"start":{"line":26,"column":8},"end":{"line":26,"column":37}},"20":{"start":{"line":27,"column":8},"end":{"line":27,"column":36}},"21":{"start":{"line":30,"column":8},"end":{"line":30,"column":55}},"22":{"start":{"line":31,"column":8},"end":{"line":31,"column":55}},"23":{"start":{"line":32,"column":8},"end":{"line":32,"column":55}},"24":{"start":{"line":33,"column":8},"end":{"line":33,"column":59}},"25":{"start":{"line":34,"column":8},"end":{"line":34,"column":67}},"26":{"start":{"line":35,"column":8},"end":{"line":35,"column":47}},"27":{"start":{"line":38,"column":8},"end":{"line":38,"column":76}},"28":{"start":{"line":38,"column":36},"end":{"line":38,"column":74}},"29":{"start":{"line":41,"column":0},"end":{"line":41,"column":18}},"30":{"start":{"line":43,"column":0},"end":{"line":43,"column":28}}},"fnMap":{"0":{"name":"(anonymous_0)","decl":{"start":{"line":12,"column":4},"end":{"line":12,"column":5}},"loc":{"start":{"line":12,"column":18},"end":{"line":18,"column":5}},"line":12},"1":{"name":"(anonymous_1)","decl":{"start":{"line":16,"column":26},"end":{"line":16,"column":27}},"loc":{"start":{"line":16,"column":40},"end":{"line":16,"column":62}},"line":16},"2":{"name":"(anonymous_2)","decl":{"start":{"line":19,"column":4},"end":{"line":19,"column":5}},"loc":{"start":{"line":19,"column":13},"end":{"line":28,"column":5}},"line":19},"3":{"name":"(anonymous_3)","decl":{"start":{"line":20,"column":30},"end":{"line":20,"column":31}},"loc":{"start":{"line":20,"column":51},"end":{"line":25,"column":9}},"line":20},"4":{"name":"(anonymous_4)","decl":{"start":{"line":29,"column":4},"end":{"line":29,"column":5}},"loc":{"start":{"line":29,"column":13},"end":{"line":36,"column":5}},"line":29},"5":{"name":"(anonymous_5)","decl":{"start":{"line":37,"column":4},"end":{"line":37,"column":5}},"loc":{"start":{"line":37,"column":16},"end":{"line":39,"column":5}},"line":37},"6":{"name":"(anonymous_6)","decl":{"start":{"line":38,"column":30},"end":{"line":38,"column":31}},"loc":{"start":{"line":38,"column":36},"end":{"line":38,"column":74}},"line":38}},"branchMap":{},"s":{"0":1,"1":1,"2":1,"3":1,"4":1,"5":1,"6":1,"7":1,"8":1,"9":1,"10":1,"11":1,"12":1,"13":1,"14":1,"15":29,"16":29,"17":29,"18":29,"19":1,"20":1,"21":1,"22":1,"23":1,"24":1,"25":1,"26":1,"27":0,"28":0,"29":1,"30":1},"f":{"0":1,"1":1,"2":1,"3":29,"4":1,"5":0,"6":0},"b":{},"inputSourceMap":{"version":3,"file":"/home/gss-dev/Workspace/TRYBE/PROJETOS/sd-021-b-trybe-futebol-clube/app/backend/src/app.ts","sources":["/home/gss-dev/Workspace/TRYBE/PROJETOS/sd-021-b-trybe-futebol-clube/app/backend/src/app.ts"],"names":[],"mappings":";;;AAAA,gCAA8B;AAC9B,mCAAmC;AACnC,iEAAwD;AACxD,wDAAgD;AAChD,wDAAgD;AAChD,4DAAoD;AACpD,oEAA4D;AAE5D,MAAM,GAAG;IAGP;QACE,IAAI,CAAC,GAAG,GAAG,OAAO,EAAE,CAAC;QACrB,IAAI,CAAC,MAAM,EAAE,CAAC;QAEd,wBAAwB;QACxB,IAAI,CAAC,GAAG,CAAC,GAAG,CAAC,GAAG,EAAE,CAAC,GAAG,EAAE,GAAG,EAAE,EAAE,CAAC,GAAG,CAAC,IAAI,CAAC,EAAE,EAAE,EAAE,IAAI,EAAE,CAAC,CAAC,CAAC;QACxD,IAAI,CAAC,MAAM,EAAE,CAAC;IAChB,CAAC;IAEO,MAAM;QACZ,MAAM,aAAa,GAA2B,CAAC,IAAI,EAAE,GAAG,EAAE,IAAI,EAAE,EAAE;YAChE,GAAG,CAAC,MAAM,CAAC,6BAA6B,EAAE,GAAG,CAAC,CAAC;YAC/C,GAAG,CAAC,MAAM,CAAC,8BAA8B,EAAE,mCAAmC,CAAC,CAAC;YAChF,GAAG,CAAC,MAAM,CAAC,8BAA8B,EAAE,GAAG,CAAC,CAAC;YAChD,IAAI,EAAE,CAAC;QACT,CAAC,CAAC;QAEF,IAAI,CAAC,GAAG,CAAC,GAAG,CAAC,OAAO,CAAC,IAAI,EAAE,CAAC,CAAC;QAC7B,IAAI,CAAC,GAAG,CAAC,GAAG,CAAC,aAAa,CAAC,CAAC;IAC9B,CAAC;IAEO,MAAM;QACZ,IAAI,CAAC,GAAG,CAAC,GAAG,CAAC,QAAQ,EAAE,sBAAW,CAAC,CAAC;QACpC,IAAI,CAAC,GAAG,CAAC,GAAG,CAAC,QAAQ,EAAE,sBAAW,CAAC,CAAC;QACpC,IAAI,CAAC,GAAG,CAAC,GAAG,CAAC,QAAQ,EAAE,sBAAW,CAAC,CAAC;QACpC,IAAI,CAAC,GAAG,CAAC,GAAG,CAAC,UAAU,EAAE,wBAAa,CAAC,CAAC;QACxC,IAAI,CAAC,GAAG,CAAC,GAAG,CAAC,cAAc,EAAE,4BAAiB,CAAC,CAAC;QAChD,IAAI,CAAC,GAAG,CAAC,GAAG,CAAC,wBAAY,CAAC,CAAC;IAC7B,CAAC;IAEM,KAAK,CAAC,IAAqB;QAChC,IAAI,CAAC,GAAG,CAAC,MAAM,CAAC,IAAI,EAAE,GAAG,EAAE,CAAC,OAAO,CAAC,GAAG,CAAC,mBAAmB,IAAI,EAAE,CAAC,CAAC,CAAC;IACtE,CAAC;CACF;AAEQ,kBAAG;AAEZ,8DAA8D;AAC/C,WAAG,GAAK,IAAI,GAAG,EAAE,KAAC","sourcesContent":["import 'express-async-errors';\nimport * as express from 'express';\nimport errorHandler from './middlewares/erroMiddleware';\nimport loginRouter from './routes/login.routes';\nimport teamsRouter from './routes/teams.routes';\nimport matchesRouter from './routes/matches.routes';\nimport leaderboardRouter from './routes/leaderboard.routes';\n\nclass App {\n  public app: express.Express;\n\n  constructor() {\n    this.app = express();\n    this.config();\n\n    // Não remover essa rota\n    this.app.get('/', (req, res) => res.json({ ok: true }));\n    this.routes();\n  }\n\n  private config():void {\n    const accessControl: express.RequestHandler = (_req, res, next) => {\n      res.header('Access-Control-Allow-Origin', '*');\n      res.header('Access-Control-Allow-Methods', 'GET,POST,DELETE,OPTIONS,PUT,PATCH');\n      res.header('Access-Control-Allow-Headers', '*');\n      next();\n    };\n\n    this.app.use(express.json());\n    this.app.use(accessControl);\n  }\n\n  private routes(): void {\n    this.app.use('/login', loginRouter);\n    this.app.use('/teams', teamsRouter);\n    this.app.use('/teams', teamsRouter);\n    this.app.use('/matches', matchesRouter);\n    this.app.use('/leaderboard', leaderboardRouter);\n    this.app.use(errorHandler);\n  }\n\n  public start(PORT: string | number):void {\n    this.app.listen(PORT, () => console.log(`Running on port ${PORT}`));\n  }\n}\n\nexport { App };\n\n// A execução dos testes de cobertura depende dessa exportação\nexport const { app } = new App();\n"]},"_coverageSchema":"1a1c01bbd47fc00a2c39e90264f33305004495a9","hash":"997f7f43110021cd906afdce2f0568223b13d50c"},"/home/gss-dev/Workspace/TRYBE/PROJETOS/sd-021-b-trybe-futebol-clube/app/backend/src/middlewares/erroMiddleware.ts":{"path":"/home/gss-dev/Workspace/TRYBE/PROJETOS/sd-021-b-trybe-futebol-clube/app/backend/src/middlewares/erroMiddleware.ts","statementMap":{"0":{"start":{"line":2,"column":0},"end":{"line":2,"column":62}},"1":{"start":{"line":3,"column":21},"end":{"line":3,"column":51}},"2":{"start":{"line":4,"column":24},"end":{"line":9,"column":1}},"3":{"start":{"line":5,"column":4},"end":{"line":7,"column":5}},"4":{"start":{"line":6,"column":8},"end":{"line":6,"column":73}},"5":{"start":{"line":8,"column":4},"end":{"line":8,"column":97}},"6":{"start":{"line":10,"column":0},"end":{"line":10,"column":34}}},"fnMap":{"0":{"name":"(anonymous_0)","decl":{"start":{"line":4,"column":24},"end":{"line":4,"column":25}},"loc":{"start":{"line":4,"column":51},"end":{"line":9,"column":1}},"line":4}},"branchMap":{"0":{"loc":{"start":{"line":5,"column":4},"end":{"line":7,"column":5}},"type":"if","locations":[{"start":{"line":5,"column":4},"end":{"line":7,"column":5}},{"start":{"line":5,"column":4},"end":{"line":7,"column":5}}],"line":5}},"s":{"0":1,"1":1,"2":1,"3":4,"4":4,"5":0,"6":1},"f":{"0":4},"b":{"0":[4,0]},"inputSourceMap":{"version":3,"file":"/home/gss-dev/Workspace/TRYBE/PROJETOS/sd-021-b-trybe-futebol-clube/app/backend/src/middlewares/erroMiddleware.ts","sources":["/home/gss-dev/Workspace/TRYBE/PROJETOS/sd-021-b-trybe-futebol-clube/app/backend/src/middlewares/erroMiddleware.ts"],"names":[],"mappings":";;AACA,oDAA8C;AAE9C,MAAM,eAAe,GAAwB,CAAC,GAAG,EAAE,IAAI,EAAE,GAAG,EAAE,KAAK,EAAE,EAAE;IACrE,IAAI,GAAG,CAAC,UAAU,EAAE;QAClB,OAAO,GAAG,CAAC,MAAM,CAAC,GAAG,CAAC,UAAU,CAAC,CAAC,IAAI,CAAC,EAAE,OAAO,EAAE,GAAG,CAAC,OAAO,EAAE,CAAC,CAAC;KAClE;IACD,OAAO,GAAG,CAAC,MAAM,CAAC,oBAAW,CAAC,qBAAqB,CAAC,CAAC,IAAI,CAAC,EAAE,OAAO,EAAE,GAAG,CAAC,OAAO,EAAE,CAAC,CAAC;AACtF,CAAC,CAAC;AAEF,kBAAe,eAAe,CAAC","sourcesContent":["import { ErrorRequestHandler } from 'express';\nimport StatusCodes from '../enums/statusCode';\n\nconst errorMiddleware: ErrorRequestHandler = (err, _req, res, _next) => {\n  if (err.statusCode) {\n    return res.status(err.statusCode).json({ message: err.message });\n  }\n  return res.status(StatusCodes.INTERNAL_SERVER_ERROR).json({ message: err.message });\n};\n\nexport default errorMiddleware;\n"]},"_coverageSchema":"1a1c01bbd47fc00a2c39e90264f33305004495a9","hash":"fbce82fc5c9787154e66f7ce95c70eda0811ce5d"},"/home/gss-dev/Workspace/TRYBE/PROJETOS/sd-021-b-trybe-futebol-clube/app/backend/src/routes/login.routes.ts":{"path":"/home/gss-dev/Workspace/TRYBE/PROJETOS/sd-021-b-trybe-futebol-clube/app/backend/src/routes/login.routes.ts","statementMap":{"0":{"start":{"line":2,"column":0},"end":{"line":2,"column":62}},"1":{"start":{"line":3,"column":18},"end":{"line":3,"column":36}},"2":{"start":{"line":4,"column":24},"end":{"line":4,"column":63}},"3":{"start":{"line":5,"column":26},"end":{"line":5,"column":67}},"4":{"start":{"line":6,"column":15},"end":{"line":6,"column":38}},"5":{"start":{"line":7,"column":0},"end":{"line":7,"column":81}},"6":{"start":{"line":8,"column":0},"end":{"line":8,"column":60}},"7":{"start":{"line":9,"column":0},"end":{"line":9,"column":25}}},"fnMap":{},"branchMap":{},"s":{"0":1,"1":1,"2":1,"3":1,"4":1,"5":1,"6":1,"7":1},"f":{},"b":{},"inputSourceMap":{"version":3,"file":"/home/gss-dev/Workspace/TRYBE/PROJETOS/sd-021-b-trybe-futebol-clube/app/backend/src/routes/login.routes.ts","sources":["/home/gss-dev/Workspace/TRYBE/PROJETOS/sd-021-b-trybe-futebol-clube/app/backend/src/routes/login.routes.ts"],"names":[],"mappings":";;AAAA,qCAAiC;AACjC,gEAAyD;AACzD,oEAA6D;AAE7D,MAAM,MAAM,GAAG,IAAA,gBAAM,GAAE,CAAC;AAExB,MAAM,CAAC,IAAI,CAAC,GAAG,EAAE,uBAAa,CAAC,KAAK,EAAE,yBAAe,CAAC,KAAK,CAAC,CAAC;AAC7D,MAAM,CAAC,GAAG,CAAC,WAAW,EAAE,yBAAe,CAAC,QAAQ,CAAC,CAAC;AAElD,kBAAe,MAAM,CAAC","sourcesContent":["import { Router } from 'express';\nimport LoginValidate from '../middlewares/LoginValidate';\nimport LoginController from '../controllers/LoginController';\n\nconst router = Router();\n\nrouter.post('/', LoginValidate.login, LoginController.login);\nrouter.get('/validate', LoginController.validate);\n\nexport default router;\n"]},"_coverageSchema":"1a1c01bbd47fc00a2c39e90264f33305004495a9","hash":"40b10389cc889770afd78733cb090b701bd008d9"},"/home/gss-dev/Workspace/TRYBE/PROJETOS/sd-021-b-trybe-futebol-clube/app/backend/src/middlewares/LoginValidate.ts":{"path":"/home/gss-dev/Workspace/TRYBE/PROJETOS/sd-021-b-trybe-futebol-clube/app/backend/src/middlewares/LoginValidate.ts","statementMap":{"0":{"start":{"line":2,"column":0},"end":{"line":2,"column":62}},"1":{"start":{"line":3,"column":21},"end":{"line":3,"column":51}},"2":{"start":{"line":4,"column":23},"end":{"line":4,"column":57}},"3":{"start":{"line":5,"column":23},"end":{"line":5,"column":55}},"4":{"start":{"line":8,"column":26},"end":{"line":8,"column":67}},"5":{"start":{"line":9,"column":8},"end":{"line":11,"column":9}},"6":{"start":{"line":10,"column":12},"end":{"line":10,"column":94}},"7":{"start":{"line":12,"column":8},"end":{"line":12,"column":15}},"8":{"start":{"line":15,"column":0},"end":{"line":15,"column":32}}},"fnMap":{"0":{"name":"(anonymous_0)","decl":{"start":{"line":7,"column":4},"end":{"line":7,"column":5}},"loc":{"start":{"line":7,"column":34},"end":{"line":13,"column":5}},"line":7}},"branchMap":{"0":{"loc":{"start":{"line":9,"column":8},"end":{"line":11,"column":9}},"type":"if","locations":[{"start":{"line":9,"column":8},"end":{"line":11,"column":9}},{"start":{"line":9,"column":8},"end":{"line":11,"column":9}}],"line":9}},"s":{"0":1,"1":1,"2":1,"3":1,"4":2,"5":2,"6":0,"7":2,"8":1},"f":{"0":2},"b":{"0":[0,2]},"inputSourceMap":{"version":3,"file":"/home/gss-dev/Workspace/TRYBE/PROJETOS/sd-021-b-trybe-futebol-clube/app/backend/src/middlewares/LoginValidate.ts","sources":["/home/gss-dev/Workspace/TRYBE/PROJETOS/sd-021-b-trybe-futebol-clube/app/backend/src/middlewares/LoginValidate.ts"],"names":[],"mappings":";;AACA,oDAA8C;AAC9C,0DAAkD;AAClD,wDAAiD;AAEjD,MAAqB,aAAa;IAChC,MAAM,CAAC,KAAK,CAAC,GAAY,EAAE,IAAc,EAAE,IAAkB;QAC3D,MAAM,EAAE,KAAK,EAAE,GAAG,sBAAW,CAAC,QAAQ,CAAC,GAAG,CAAC,IAAI,CAAC,CAAC;QACjD,IAAI,KAAK,EAAE;YACT,MAAM,IAAI,sBAAY,CACpB,oBAAW,CAAC,WAAW,EACvB,KAAK,CAAC,OAAO,CACd,CAAC;SACH;QACD,IAAI,EAAE,CAAC;IACT,CAAC;CACF;AAXD,gCAWC","sourcesContent":["import { NextFunction, Request, Response } from 'express';\nimport StatusCodes from '../enums/statusCode';\nimport loginSchema from '../schemas/login.schema';\nimport ConflitError from '../erros/ConflitError';\n\nexport default class LoginValidate {\n  static login(req: Request, _res: Response, next: NextFunction) {\n    const { error } = loginSchema.validate(req.body);\n    if (error) {\n      throw new ConflitError(\n        StatusCodes.BAD_REQUEST,\n        error.message,\n      );\n    }\n    next();\n  }\n}\n"]},"_coverageSchema":"1a1c01bbd47fc00a2c39e90264f33305004495a9","hash":"88f0520f7aeeb759b346b316a8131d4d823d14fe"},"/home/gss-dev/Workspace/TRYBE/PROJETOS/sd-021-b-trybe-futebol-clube/app/backend/src/schemas/login.schema.ts":{"path":"/home/gss-dev/Workspace/TRYBE/PROJETOS/sd-021-b-trybe-futebol-clube/app/backend/src/schemas/login.schema.ts","statementMap":{"0":{"start":{"line":2,"column":0},"end":{"line":2,"column":62}},"1":{"start":{"line":3,"column":12},"end":{"line":3,"column":26}},"2":{"start":{"line":4,"column":19},"end":{"line":4,"column":47}},"3":{"start":{"line":5,"column":20},"end":{"line":18,"column":2}},"4":{"start":{"line":19,"column":0},"end":{"line":19,"column":30}}},"fnMap":{},"branchMap":{},"s":{"0":1,"1":1,"2":1,"3":1,"4":1},"f":{},"b":{},"inputSourceMap":{"version":3,"file":"/home/gss-dev/Workspace/TRYBE/PROJETOS/sd-021-b-trybe-futebol-clube/app/backend/src/schemas/login.schema.ts","sources":["/home/gss-dev/Workspace/TRYBE/PROJETOS/sd-021-b-trybe-futebol-clube/app/backend/src/schemas/login.schema.ts"],"names":[],"mappings":";;AAAA,2BAA2B;AAC3B,gDAAyC;AAEzC,MAAM,WAAW,GAAG,GAAG,CAAC,MAAM,CAAC;IAC7B,KAAK,EAAE,GAAG,CAAC,MAAM,EAAE,CAAC,KAAK,EAAE,CAAC,QAAQ,EAAE;SACnC,QAAQ,CAAC;QACR,cAAc,EAAE,kBAAQ,CAAC,kBAAkB;QAC3C,cAAc,EAAE,kBAAQ,CAAC,gBAAgB;QACzC,cAAc,EAAE,kBAAQ,CAAC,kBAAkB;KAC5C,CAAC;IACJ,QAAQ,EAAE,GAAG,CAAC,MAAM,EAAE,CAAC,GAAG,CAAC,CAAC,CAAC,CAAC,QAAQ,EAAE,CAAC,KAAK,EAAE;SAC7C,QAAQ,CAAC;QACR,cAAc,EAAE,kBAAQ,CAAC,kBAAkB;QAC3C,YAAY,EAAE,kBAAQ,CAAC,mBAAmB;QAC1C,cAAc,EAAE,kBAAQ,CAAC,kBAAkB;KAC5C,CAAC;CACL,CAAC,CAAC;AAEH,kBAAe,WAAW,CAAC","sourcesContent":["import * as Joi from 'joi';\nimport Messages from '../enums/messages';\n\nconst loginSchema = Joi.object({\n  email: Joi.string().email().required()\n    .messages({\n      'any.required': Messages.MUST_FILEDS_FILLED,\n      'string.email': Messages.INVALID_PASSWORD,\n      'string.empty': Messages.MUST_FILEDS_FILLED,\n    }),\n  password: Joi.string().min(6).required().empty()\n    .messages({\n      'any.required': Messages.MUST_FILEDS_FILLED,\n      'string.min': Messages.PASSWORD_LENGTH_SIX,\n      'string.empty': Messages.MUST_FILEDS_FILLED,\n    }),\n});\n\nexport default loginSchema;\n"]},"_coverageSchema":"1a1c01bbd47fc00a2c39e90264f33305004495a9","hash":"fba4e63d76cee6395255706ee5a7e961bbd32d8a"},"/home/gss-dev/Workspace/TRYBE/PROJETOS/sd-021-b-trybe-futebol-clube/app/backend/src/enums/messages.ts":{"path":"/home/gss-dev/Workspace/TRYBE/PROJETOS/sd-021-b-trybe-futebol-clube/app/backend/src/enums/messages.ts","statementMap":{"0":{"start":{"line":2,"column":0},"end":{"line":2,"column":62}},"1":{"start":{"line":4,"column":0},"end":{"line":20,"column":32}},"2":{"start":{"line":5,"column":4},"end":{"line":5,"column":64}},"3":{"start":{"line":6,"column":4},"end":{"line":6,"column":65}},"4":{"start":{"line":7,"column":4},"end":{"line":7,"column":74}},"5":{"start":{"line":8,"column":4},"end":{"line":8,"column":52}},"6":{"start":{"line":9,"column":4},"end":{"line":9,"column":84}},"7":{"start":{"line":10,"column":4},"end":{"line":10,"column":48}},"8":{"start":{"line":11,"column":4},"end":{"line":11,"column":50}},"9":{"start":{"line":12,"column":4},"end":{"line":12,"column":54}},"10":{"start":{"line":13,"column":4},"end":{"line":13,"column":69}},"11":{"start":{"line":14,"column":4},"end":{"line":14,"column":50}},"12":{"start":{"line":15,"column":4},"end":{"line":15,"column":67}},"13":{"start":{"line":16,"column":4},"end":{"line":16,"column":52}},"14":{"start":{"line":17,"column":4},"end":{"line":17,"column":94}},"15":{"start":{"line":18,"column":4},"end":{"line":18,"column":42}},"16":{"start":{"line":19,"column":4},"end":{"line":19,"column":48}},"17":{"start":{"line":21,"column":0},"end":{"line":21,"column":27}}},"fnMap":{"0":{"name":"(anonymous_0)","decl":{"start":{"line":4,"column":1},"end":{"line":4,"column":2}},"loc":{"start":{"line":4,"column":21},"end":{"line":20,"column":1}},"line":4}},"branchMap":{"0":{"loc":{"start":{"line":20,"column":3},"end":{"line":20,"column":30}},"type":"binary-expr","locations":[{"start":{"line":20,"column":3},"end":{"line":20,"column":11}},{"start":{"line":20,"column":16},"end":{"line":20,"column":29}}],"line":20}},"s":{"0":1,"1":1,"2":1,"3":1,"4":1,"5":1,"6":1,"7":1,"8":1,"9":1,"10":1,"11":1,"12":1,"13":1,"14":1,"15":1,"16":1,"17":1},"f":{"0":1},"b":{"0":[1,1]},"inputSourceMap":{"version":3,"file":"/home/gss-dev/Workspace/TRYBE/PROJETOS/sd-021-b-trybe-futebol-clube/app/backend/src/enums/messages.ts","sources":["/home/gss-dev/Workspace/TRYBE/PROJETOS/sd-021-b-trybe-futebol-clube/app/backend/src/enums/messages.ts"],"names":[],"mappings":";;AAAA,IAAK,QAgBJ;AAhBD,WAAK,QAAQ;IACX,2DAA+C,CAAA;IAC/C,4DAAgD,CAAA;IAChD,qEAAyD,CAAA;IACzD,+CAAmC,CAAA;IACnC,+EAAmE,CAAA;IACnE,2CAA+B,CAAA;IAC/B,6CAAiC,CAAA;IACjC,iDAAqC,CAAA;IACrC,gEAAoD,CAAA;IACpD,6CAAiC,CAAA;IACjC,8DAAkD,CAAA;IAClD,+CAAmC,CAAA;IACnC,yFAA6E,CAAA;IAC7E,qCAAyB,CAAA;IACzB,2CAA+B,CAAA;AACjC,CAAC,EAhBI,QAAQ,KAAR,QAAQ,QAgBZ;AACD,kBAAe,QAAQ,CAAC","sourcesContent":["enum Messages {\n  INTERNAL_SERVER_ERROR = 'Internal Server Error',\n  MUST_FILEDS_FILLED = 'All fields must be filled',\n  EMAIL_OR_PASSWORD_INVALID = 'Incorrect email or password',\n  TOKEN_NOT_FOUND = 'Token not found',\n  PASSWORD_LENGTH_SIX = 'Password must be at least 6 characters long',\n  TOKEN_INVALID = 'Invalid token',\n  USER_NOT_FOUND = 'User not found',\n  INVALID_PASSWORD = 'Password Invalid',\n  TOKEN_MUST_VALIDATED = 'Token must be a valid token',\n  TEAM_NOT_FOUND = 'Team not found',\n  TEAM_NO_SUCH_ID = 'There is no team with such id!',\n  MATCH_NOT_FOUND = 'Match not found',\n  TWO_MATCH_EQUAL = 'It is not possible to create a match with two equal teams',\n  FINISH_MATCH = 'Finished',\n  UPDATED_MATCH = 'Updated match',\n}\nexport default Messages;\n"]},"_coverageSchema":"1a1c01bbd47fc00a2c39e90264f33305004495a9","hash":"186885bbf3723fe8eeefc6c9b9b83b0053d25ad0"},"/home/gss-dev/Workspace/TRYBE/PROJETOS/sd-021-b-trybe-futebol-clube/app/backend/src/erros/ConflitError.ts":{"path":"/home/gss-dev/Workspace/TRYBE/PROJETOS/sd-021-b-trybe-futebol-clube/app/backend/src/erros/ConflitError.ts","statementMap":{"0":{"start":{"line":2,"column":0},"end":{"line":2,"column":62}},"1":{"start":{"line":5,"column":8},"end":{"line":5,"column":23}},"2":{"start":{"line":6,"column":8},"end":{"line":6,"column":37}},"3":{"start":{"line":9,"column":0},"end":{"line":9,"column":31}}},"fnMap":{"0":{"name":"(anonymous_0)","decl":{"start":{"line":4,"column":4},"end":{"line":4,"column":5}},"loc":{"start":{"line":4,"column":37},"end":{"line":7,"column":5}},"line":4}},"branchMap":{},"s":{"0":1,"1":4,"2":4,"3":1},"f":{"0":4},"b":{},"inputSourceMap":{"version":3,"file":"/home/gss-dev/Workspace/TRYBE/PROJETOS/sd-021-b-trybe-futebol-clube/app/backend/src/erros/ConflitError.ts","sources":["/home/gss-dev/Workspace/TRYBE/PROJETOS/sd-021-b-trybe-futebol-clube/app/backend/src/erros/ConflitError.ts"],"names":[],"mappings":";;AAAA,MAAqB,YAAa,SAAQ,KAAK;IAG7C,YAAY,UAAkB,EAAE,OAAe;QAC7C,KAAK,CAAC,OAAO,CAAC,CAAC;QACf,IAAI,CAAC,UAAU,GAAG,UAAU,CAAC;IAC/B,CAAC;CACF;AAPD,+BAOC","sourcesContent":["export default class ConflitError extends Error {\n  statusCode: number;\n\n  constructor(statusCode: number, message: string) {\n    super(message);\n    this.statusCode = statusCode;\n  }\n}\n"]},"_coverageSchema":"1a1c01bbd47fc00a2c39e90264f33305004495a9","hash":"b5c4b691932aaaa7f041b0657bec432b6f9175d4"},"/home/gss-dev/Workspace/TRYBE/PROJETOS/sd-021-b-trybe-futebol-clube/app/backend/src/controllers/LoginController.ts":{"path":"/home/gss-dev/Workspace/TRYBE/PROJETOS/sd-021-b-trybe-futebol-clube/app/backend/src/controllers/LoginController.ts","statementMap":{"0":{"start":{"line":2,"column":0},"end":{"line":2,"column":62}},"1":{"start":{"line":3,"column":21},"end":{"line":3,"column":51}},"2":{"start":{"line":4,"column":23},"end":{"line":4,"column":58}},"3":{"start":{"line":7,"column":36},"end":{"line":7,"column":44}},"4":{"start":{"line":8,"column":22},"end":{"line":8,"column":77}},"5":{"start":{"line":9,"column":8},"end":{"line":9,"column":67}},"6":{"start":{"line":12,"column":41},"end":{"line":12,"column":52}},"7":{"start":{"line":13,"column":21},"end":{"line":13,"column":65}},"8":{"start":{"line":14,"column":8},"end":{"line":14,"column":66}},"9":{"start":{"line":17,"column":0},"end":{"line":17,"column":33}}},"fnMap":{"0":{"name":"(anonymous_0)","decl":{"start":{"line":6,"column":4},"end":{"line":6,"column":5}},"loc":{"start":{"line":6,"column":33},"end":{"line":10,"column":5}},"line":6},"1":{"name":"(anonymous_1)","decl":{"start":{"line":11,"column":4},"end":{"line":11,"column":5}},"loc":{"start":{"line":11,"column":36},"end":{"line":15,"column":5}},"line":11}},"branchMap":{},"s":{"0":1,"1":1,"2":1,"3":2,"4":2,"5":2,"6":3,"7":3,"8":2,"9":1},"f":{"0":2,"1":3},"b":{},"inputSourceMap":{"version":3,"file":"/home/gss-dev/Workspace/TRYBE/PROJETOS/sd-021-b-trybe-futebol-clube/app/backend/src/controllers/LoginController.ts","sources":["/home/gss-dev/Workspace/TRYBE/PROJETOS/sd-021-b-trybe-futebol-clube/app/backend/src/controllers/LoginController.ts"],"names":[],"mappings":";;AACA,oDAA6C;AAC7C,2DAAoD;AAEpD,MAAqB,cAAc;IACjC,MAAM,CAAC,KAAK,CAAC,KAAK,CAAC,GAAY,EAAE,GAAa;QAC5C,MAAM,EAAE,KAAK,EAAE,QAAQ,EAAE,GAAG,GAAG,CAAC,IAAI,CAAC;QACrC,MAAM,KAAK,GAAG,MAAM,sBAAY,CAAC,KAAK,CAAC,EAAE,KAAK,EAAE,QAAQ,EAAE,CAAC,CAAC;QAC5D,OAAO,GAAG,CAAC,MAAM,CAAC,oBAAU,CAAC,EAAE,CAAC,CAAC,IAAI,CAAC,EAAE,KAAK,EAAE,CAAC,CAAC;IACnD,CAAC;IAED,MAAM,CAAC,KAAK,CAAC,QAAQ,CAAC,GAAY,EAAE,GAAa;QAC/C,MAAM,EAAE,aAAa,EAAE,KAAK,EAAE,GAAG,GAAG,CAAC,OAAO,CAAC;QAC7C,MAAM,IAAI,GAAG,MAAM,sBAAY,CAAC,QAAQ,CAAC,KAAK,CAAC,CAAC;QAChD,OAAO,GAAG,CAAC,MAAM,CAAC,oBAAU,CAAC,EAAE,CAAC,CAAC,IAAI,CAAC,EAAE,IAAI,EAAE,CAAC,CAAC;IAClD,CAAC;CACF;AAZD,iCAYC","sourcesContent":["import { Request, Response } from 'express';\nimport StatusCode from '../enums/statusCode';\nimport LoginService from '../services/LoginService';\n\nexport default class UserController {\n  static async login(req: Request, res: Response) {\n    const { email, password } = req.body;\n    const token = await LoginService.login({ email, password });\n    return res.status(StatusCode.OK).json({ token });\n  }\n\n  static async validate(req: Request, res: Response) {\n    const { authorization: token } = req.headers;\n    const role = await LoginService.validate(token);\n    return res.status(StatusCode.OK).json({ role });\n  }\n}\n"]},"_coverageSchema":"1a1c01bbd47fc00a2c39e90264f33305004495a9","hash":"489a8c21c8a7591724fb1127234990b24af3f876"},"/home/gss-dev/Workspace/TRYBE/PROJETOS/sd-021-b-trybe-futebol-clube/app/backend/src/services/LoginService.ts":{"path":"/home/gss-dev/Workspace/TRYBE/PROJETOS/sd-021-b-trybe-futebol-clube/app/backend/src/services/LoginService.ts","statementMap":{"0":{"start":{"line":2,"column":0},"end":{"line":2,"column":62}},"1":{"start":{"line":3,"column":21},"end":{"line":3,"column":51}},"2":{"start":{"line":4,"column":19},"end":{"line":4,"column":47}},"3":{"start":{"line":5,"column":23},"end":{"line":5,"column":55}},"4":{"start":{"line":6,"column":20},"end":{"line":6,"column":59}},"5":{"start":{"line":7,"column":24},"end":{"line":7,"column":57}},"6":{"start":{"line":8,"column":14},"end":{"line":8,"column":36}},"7":{"start":{"line":11,"column":21},"end":{"line":11,"column":76}},"8":{"start":{"line":12,"column":8},"end":{"line":14,"column":9}},"9":{"start":{"line":13,"column":12},"end":{"line":13,"column":126}},"10":{"start":{"line":15,"column":8},"end":{"line":15,"column":20}},"11":{"start":{"line":18,"column":21},"end":{"line":18,"column":53}},"12":{"start":{"line":19,"column":8},"end":{"line":19,"column":63}},"13":{"start":{"line":20,"column":22},"end":{"line":20,"column":61}},"14":{"start":{"line":21,"column":8},"end":{"line":21,"column":21}},"15":{"start":{"line":24,"column":8},"end":{"line":26,"column":9}},"16":{"start":{"line":25,"column":12},"end":{"line":25,"column":114}},"17":{"start":{"line":27,"column":26},"end":{"line":27,"column":53}},"18":{"start":{"line":28,"column":21},"end":{"line":28,"column":76}},"19":{"start":{"line":29,"column":8},"end":{"line":31,"column":9}},"20":{"start":{"line":30,"column":12},"end":{"line":30,"column":112}},"21":{"start":{"line":32,"column":8},"end":{"line":32,"column":25}},"22":{"start":{"line":35,"column":0},"end":{"line":35,"column":30}}},"fnMap":{"0":{"name":"(anonymous_0)","decl":{"start":{"line":10,"column":4},"end":{"line":10,"column":5}},"loc":{"start":{"line":10,"column":32},"end":{"line":16,"column":5}},"line":10},"1":{"name":"(anonymous_1)","decl":{"start":{"line":17,"column":4},"end":{"line":17,"column":5}},"loc":{"start":{"line":17,"column":44},"end":{"line":22,"column":5}},"line":17},"2":{"name":"(anonymous_2)","decl":{"start":{"line":23,"column":4},"end":{"line":23,"column":5}},"loc":{"start":{"line":23,"column":33},"end":{"line":33,"column":5}},"line":23}},"branchMap":{"0":{"loc":{"start":{"line":12,"column":8},"end":{"line":14,"column":9}},"type":"if","locations":[{"start":{"line":12,"column":8},"end":{"line":14,"column":9}},{"start":{"line":12,"column":8},"end":{"line":14,"column":9}}],"line":12},"1":{"loc":{"start":{"line":24,"column":8},"end":{"line":26,"column":9}},"type":"if","locations":[{"start":{"line":24,"column":8},"end":{"line":26,"column":9}},{"start":{"line":24,"column":8},"end":{"line":26,"column":9}}],"line":24},"2":{"loc":{"start":{"line":29,"column":8},"end":{"line":31,"column":9}},"type":"if","locations":[{"start":{"line":29,"column":8},"end":{"line":31,"column":9}},{"start":{"line":29,"column":8},"end":{"line":31,"column":9}}],"line":29}},"s":{"0":1,"1":1,"2":1,"3":1,"4":1,"5":1,"6":1,"7":2,"8":2,"9":0,"10":2,"11":2,"12":2,"13":2,"14":2,"15":3,"16":0,"17":3,"18":3,"19":3,"20":1,"21":2,"22":1},"f":{"0":2,"1":2,"2":3},"b":{"0":[0,2],"1":[0,3],"2":[1,2]},"inputSourceMap":{"version":3,"file":"/home/gss-dev/Workspace/TRYBE/PROJETOS/sd-021-b-trybe-futebol-clube/app/backend/src/services/LoginService.ts","sources":["/home/gss-dev/Workspace/TRYBE/PROJETOS/sd-021-b-trybe-futebol-clube/app/backend/src/services/LoginService.ts"],"names":[],"mappings":";;AAAA,oDAA8C;AAC9C,gDAAyC;AAEzC,wDAAiD;AACjD,4DAAgD;AAChD,0DAAqD;AACrD,qCAA8B;AAE9B,MAAqB,WAAW;IAC9B,MAAM,CAAC,KAAK,CAAC,OAAO,CAAC,KAAa;QAChC,MAAM,IAAI,GAAG,MAAM,mBAAI,CAAC,OAAO,CAAC,EAAE,KAAK,EAAE,EAAE,KAAK,EAAE,EAAE,CAAC,CAAC;QACtD,IAAI,CAAC,IAAI,EAAE;YACT,MAAM,IAAI,sBAAY,CACpB,oBAAW,CAAC,YAAY,EACxB,kBAAQ,CAAC,yBAAyB,CACnC,CAAC;SACH;QACD,OAAO,IAAI,CAAC;IACd,CAAC;IAED,MAAM,CAAC,KAAK,CAAC,KAAK,CAAC,EAAE,KAAK,EAAE,QAAQ,EAAU;QAC5C,MAAM,IAAI,GAAG,MAAM,WAAW,CAAC,OAAO,CAAC,KAAK,CAAC,CAAC;QAC9C,uBAAe,CAAC,KAAK,CAAC,QAAQ,EAAE,IAAI,CAAC,QAAQ,CAAC,CAAC;QAC/C,MAAM,KAAK,GAAG,aAAG,CAAC,IAAI,CAAC,EAAE,KAAK,EAAE,QAAQ,EAAE,CAAC,CAAC;QAC5C,OAAO,KAAK,CAAC;IACf,CAAC;IAED,MAAM,CAAC,KAAK,CAAC,QAAQ,CAAC,KAAyB;QAC7C,IAAI,CAAC,KAAK,EAAE;YACV,MAAM,IAAI,sBAAY,CACpB,oBAAW,CAAC,YAAY,EACxB,kBAAQ,CAAC,aAAa,CACvB,CAAC;SACH;QAED,MAAM,EAAE,KAAK,EAAE,GAAG,aAAG,CAAC,MAAM,CAAC,KAAK,CAAC,CAAC;QACpC,MAAM,IAAI,GAAG,MAAM,mBAAI,CAAC,OAAO,CAAC,EAAE,KAAK,EAAE,EAAE,KAAK,EAAE,EAAE,CAAC,CAAC;QACtD,IAAI,CAAC,IAAI,EAAE;YACT,MAAM,IAAI,sBAAY,CACpB,oBAAW,CAAC,SAAS,EACrB,kBAAQ,CAAC,cAAc,CACxB,CAAC;SACH;QACD,OAAO,IAAI,CAAC,IAAI,CAAC;IACnB,CAAC;CACF;AArCD,8BAqCC","sourcesContent":["import StatusCodes from '../enums/statusCode';\nimport Messages from '../enums/messages';\nimport ILogin from '../interfaces/ILogin';\nimport ConflitError from '../erros/ConflitError';\nimport User from '../database/models/UserModel';\nimport PasswordHandler from '../erros/PasswordError';\nimport jwt from '../auth/jwt';\n\nexport default class UserService {\n  static async findOne(email: string) {\n    const user = await User.findOne({ where: { email } });\n    if (!user) {\n      throw new ConflitError(\n        StatusCodes.UNAUTHORIZED,\n        Messages.EMAIL_OR_PASSWORD_INVALID,\n      );\n    }\n    return user;\n  }\n\n  static async login({ email, password }: ILogin): Promise<string> {\n    const user = await UserService.findOne(email);\n    PasswordHandler.check(password, user.password);\n    const token = jwt.sign({ email, password });\n    return token;\n  }\n\n  static async validate(token: string | undefined) {\n    if (!token) {\n      throw new ConflitError(\n        StatusCodes.UNAUTHORIZED,\n        Messages.TOKEN_INVALID,\n      );\n    }\n\n    const { email } = jwt.decode(token);\n    const user = await User.findOne({ where: { email } });\n    if (!user) {\n      throw new ConflitError(\n        StatusCodes.NOT_FOUND,\n        Messages.USER_NOT_FOUND,\n      );\n    }\n    return user.role;\n  }\n}\n"]},"_coverageSchema":"1a1c01bbd47fc00a2c39e90264f33305004495a9","hash":"b0d4cf55dfa712d7a603945297fd08a3e3387485"},"/home/gss-dev/Workspace/TRYBE/PROJETOS/sd-021-b-trybe-futebol-clube/app/backend/src/database/models/UserModel.ts":{"path":"/home/gss-dev/Workspace/TRYBE/PROJETOS/sd-021-b-trybe-futebol-clube/app/backend/src/database/models/UserModel.ts","statementMap":{"0":{"start":{"line":2,"column":0},"end":{"line":2,"column":62}},"1":{"start":{"line":3,"column":20},"end":{"line":3,"column":40}},"2":{"start":{"line":4,"column":11},"end":{"line":4,"column":23}},"3":{"start":{"line":7,"column":0},"end":{"line":7,"column":28}},"4":{"start":{"line":8,"column":0},"end":{"line":36,"column":3}}},"fnMap":{},"branchMap":{},"s":{"0":1,"1":1,"2":1,"3":1,"4":1},"f":{},"b":{},"inputSourceMap":{"version":3,"file":"/home/gss-dev/Workspace/TRYBE/PROJETOS/sd-021-b-trybe-futebol-clube/app/backend/src/database/models/UserModel.ts","sources":["/home/gss-dev/Workspace/TRYBE/PROJETOS/sd-021-b-trybe-futebol-clube/app/backend/src/database/models/UserModel.ts"],"names":[],"mappings":";;AAAA,yCAAmD;AACnD,wBAAmB;AAEnB,MAAqB,SAAU,SAAQ,iBAAK;CAM3C;AAND,4BAMC;AAED,SAAS,CAAC,IAAI,CAAC;IACb,EAAE,EAAE;QACF,IAAI,EAAE,mBAAO;QACb,SAAS,EAAE,KAAK;QAChB,aAAa,EAAE,IAAI;QACnB,UAAU,EAAE,IAAI;KACjB;IACD,QAAQ,EAAE;QACR,SAAS,EAAE,KAAK;QAChB,IAAI,EAAE,kBAAM;KACb;IACD,IAAI,EAAE;QACJ,SAAS,EAAE,KAAK;QAChB,IAAI,EAAE,kBAAM;KACb;IACD,KAAK,EAAE;QACL,SAAS,EAAE,KAAK;QAChB,IAAI,EAAE,kBAAM;KACb;IACD,QAAQ,EAAE;QACR,SAAS,EAAE,KAAK;QAChB,IAAI,EAAE,kBAAM;KACb;CACF,EAAE;IACD,WAAW,EAAE,IAAI;IACjB,SAAS,EAAE,UAAE;IACb,SAAS,EAAE,OAAO;IAClB,UAAU,EAAE,KAAK;CAClB,CAAC,CAAC","sourcesContent":["import { Model, INTEGER, STRING } from 'sequelize';\nimport db from '.';\n\nexport default class UserModel extends Model {\n  id!: number;\n  email!: string;\n  password!: string;\n  role!: string;\n  username!: string;\n}\n\nUserModel.init({\n  id: {\n    type: INTEGER,\n    allowNull: false,\n    autoIncrement: true,\n    primaryKey: true,\n  },\n  username: {\n    allowNull: false,\n    type: STRING,\n  },\n  role: {\n    allowNull: false,\n    type: STRING,\n  },\n  email: {\n    allowNull: false,\n    type: STRING,\n  },\n  password: {\n    allowNull: false,\n    type: STRING,\n  },\n}, {\n  underscored: true,\n  sequelize: db,\n  modelName: 'users',\n  timestamps: false,\n});\n"]},"_coverageSchema":"1a1c01bbd47fc00a2c39e90264f33305004495a9","hash":"658ee4cb2e4fa38376ca9be624504d2399dfa3d3"},"/home/gss-dev/Workspace/TRYBE/PROJETOS/sd-021-b-trybe-futebol-clube/app/backend/src/erros/PasswordError.ts":{"path":"/home/gss-dev/Workspace/TRYBE/PROJETOS/sd-021-b-trybe-futebol-clube/app/backend/src/erros/PasswordError.ts","statementMap":{"0":{"start":{"line":2,"column":0},"end":{"line":2,"column":62}},"1":{"start":{"line":3,"column":17},"end":{"line":3,"column":36}},"2":{"start":{"line":4,"column":21},"end":{"line":4,"column":51}},"3":{"start":{"line":5,"column":19},"end":{"line":5,"column":47}},"4":{"start":{"line":6,"column":23},"end":{"line":6,"column":48}},"5":{"start":{"line":9,"column":21},"end":{"line":9,"column":45}},"6":{"start":{"line":10,"column":34},"end":{"line":10,"column":67}},"7":{"start":{"line":11,"column":8},"end":{"line":11,"column":33}},"8":{"start":{"line":14,"column":22},"end":{"line":15,"column":73}},"9":{"start":{"line":16,"column":8},"end":{"line":18,"column":9}},"10":{"start":{"line":17,"column":12},"end":{"line":17,"column":126}},"11":{"start":{"line":21,"column":0},"end":{"line":21,"column":32}}},"fnMap":{"0":{"name":"(anonymous_0)","decl":{"start":{"line":8,"column":4},"end":{"line":8,"column":5}},"loc":{"start":{"line":8,"column":29},"end":{"line":12,"column":5}},"line":8},"1":{"name":"(anonymous_1)","decl":{"start":{"line":13,"column":4},"end":{"line":13,"column":5}},"loc":{"start":{"line":13,"column":39},"end":{"line":19,"column":5}},"line":13}},"branchMap":{"0":{"loc":{"start":{"line":14,"column":22},"end":{"line":15,"column":73}},"type":"binary-expr","locations":[{"start":{"line":14,"column":22},"end":{"line":15,"column":46}},{"start":{"line":15,"column":50},"end":{"line
[...]
ine":9},"1":{"loc":{"start":{"line":9,"column":12},"end":{"line":9,"column":57}},"type":"binary-expr","locations":[{"start":{"line":9,"column":12},"end":{"line":9,"column":31}},{"start":{"line":9,"column":35},"end":{"line":9,"column":57}}],"line":9},"2":{"loc":{"start":{"line":13,"column":8},"end":{"line":16,"column":9}},"type":"if","locations":[{"start":{"line":13,"column":8},"end":{"line":16,"column":9}},{"start":{"line":13,"column":8},"end":{"line":16,"column":9}}],"line":13}},"s":{"0":1,"1":1,"2":1,"3":1,"4":6,"5":6,"6":2,"7":2,"8":4,"9":2,"10":2,"11":2,"12":2,"13":3,"14":3,"15":2,"16":2,"17":2,"18":1,"19":1,"20":1,"21":1,"22":1,"23":1},"f":{"0":6,"1":3,"2":2,"3":1},"b":{"0":[2,4],"1":[6,6],"2":[2,2]},"inputSourceMap":{"version":3,"file":"/home/gss-dev/Workspace/TRYBE/PROJETOS/sd-021-b-trybe-futebol-clube/app/backend/src/controllers/MatchesController.ts","sources":["/home/gss-dev/Workspace/TRYBE/PROJETOS/sd-021-b-trybe-futebol-clube/app/backend/src/controllers/MatchesController.ts"],"names":[],"mappings":";;AACA,gDAAyC;AACzC,oDAA6C;AAC7C,iEAAyD;AAEzD,MAAqB,iBAAiB;IACpC,MAAM,CAAC,KAAK,CAAC,MAAM,CAAC,GAAY,EAAE,GAAa;QAC7C,MAAM,EAAE,UAAU,EAAE,GAAG,GAAG,CAAC,KAAK,CAAC;QACjC,IAAI,UAAU,KAAK,IAAI,IAAI,UAAU,KAAK,OAAO,EAAE;YACjD,MAAM,OAAO,GAAG,MAAM,yBAAc,CAAC,cAAc,EAAE,CAAC;YACtD,OAAO,GAAG,CAAC,MAAM,CAAC,oBAAU,CAAC,EAAE,CAAC,CAAC,IAAI,CAAC,OAAO,CAAC,CAAC;SAChD;QAED,IAAI,UAAU,EAAE;YACd,MAAM,OAAO,GAAG,MAAM,yBAAc,CAAC,gBAAgB,EAAE,CAAC;YACxD,OAAO,GAAG,CAAC,MAAM,CAAC,oBAAU,CAAC,EAAE,CAAC,CAAC,IAAI,CAAC,OAAO,CAAC,CAAC;SAChD;QACD,MAAM,OAAO,GAAG,MAAM,yBAAc,CAAC,MAAM,EAAE,CAAC;QAC9C,OAAO,GAAG,CAAC,MAAM,CAAC,oBAAU,CAAC,EAAE,CAAC,CAAC,IAAI,CAAC,OAAO,CAAC,CAAC;IACjD,CAAC;IAED,MAAM,CAAC,KAAK,CAAC,MAAM,CAAC,GAAY,EAAE,GAAa;QAC7C,MAAM,EAAE,QAAQ,EAAE,QAAQ,EAAE,aAAa,EAAE,aAAa,EAAE,GAAG,GAAG,CAAC,IAAI,CAAC;QACtE,MAAM,KAAK,GAAG,MAAM,yBAAc,CAAC,MAAM,CAAC;YACxC,QAAQ,EAAE,QAAQ,EAAE,aAAa,EAAE,aAAa;SACjD,CAAC,CAAC;QACH,OAAO,GAAG,CAAC,MAAM,CAAC,oBAAU,CAAC,MAAM,CAAC,CAAC,IAAI,CAAC,KAAK,CAAC,CAAC;IACnD,CAAC;IAED,MAAM,CAAC,KAAK,CAAC,MAAM,CAAC,GAAY,EAAE,GAAa;QAC7C,MAAM,EAAE,EAAE,EAAE,GAAG,GAAG,CAAC,MAAM,CAAC;QAC1B,MAAM,yBAAc,CAAC,MAAM,CAAC,EAAE,CAAC,CAAC;QAChC,OAAO,GAAG,CAAC,MAAM,CAAC,oBAAU,CAAC,EAAE,CAAC,CAAC,IAAI,CAAC,EAAE,OAAO,EAAE,kBAAQ,CAAC,YAAY,EAAE,CAAC,CAAC;IAC5E,CAAC;IAED,MAAM,CAAC,KAAK,CAAC,MAAM,CAAC,GAAY,EAAE,GAAa;QAC7C,MAAM,EAAE,EAAE,EAAE,GAAG,GAAG,CAAC,MAAM,CAAC;QAC1B,MAAM,EAAE,aAAa,EAAE,aAAa,EAAE,GAAG,GAAG,CAAC,IAAI,CAAC;QAClD,MAAM,yBAAc,CAAC,MAAM,CAAC,EAAE,EAAE,EAAE,aAAa,EAAE,aAAa,EAAE,CAAC,CAAC;QAClE,OAAO,GAAG,CAAC,MAAM,CAAC,oBAAU,CAAC,EAAE,CAAC,CAAC,IAAI,CAAC,EAAE,OAAO,EAAE,kBAAQ,CAAC,aAAa,EAAE,CAAC,CAAC;IAC7E,CAAC;CACF;AApCD,oCAoCC","sourcesContent":["import { Request, Response } from 'express';\nimport Messages from '../enums/messages';\nimport StatusCode from '../enums/statusCode';\nimport MatchesService from '../services/MatchesServices';\n\nexport default class MatchesController {\n  static async getAll(req: Request, res: Response) {\n    const { inProgress } = req.query;\n    if (inProgress !== null && inProgress === 'false') {\n      const matches = await MatchesService.getAllFinished();\n      return res.status(StatusCode.OK).json(matches);\n    }\n\n    if (inProgress) {\n      const matches = await MatchesService.getAllInProgress();\n      return res.status(StatusCode.OK).json(matches);\n    }\n    const matches = await MatchesService.getAll();\n    return res.status(StatusCode.OK).json(matches);\n  }\n\n  static async create(req: Request, res: Response) {\n    const { homeTeam, awayTeam, homeTeamGoals, awayTeamGoals } = req.body;\n    const match = await MatchesService.create({\n      homeTeam, awayTeam, homeTeamGoals, awayTeamGoals,\n    });\n    return res.status(StatusCode.CREATE).json(match);\n  }\n\n  static async finish(req: Request, res: Response) {\n    const { id } = req.params;\n    await MatchesService.finish(id);\n    return res.status(StatusCode.OK).json({ message: Messages.FINISH_MATCH });\n  }\n\n  static async update(req: Request, res: Response) {\n    const { id } = req.params;\n    const { homeTeamGoals, awayTeamGoals } = req.body;\n    await MatchesService.update(id, { homeTeamGoals, awayTeamGoals });\n    return res.status(StatusCode.OK).json({ message: Messages.UPDATED_MATCH });\n  }\n}\n"]},"_coverageSchema":"1a1c01bbd47fc00a2c39e90264f33305004495a9","hash":"6f3a6fc2b6e47364ea53be15182297e0535b00bb"},"/home/gss-dev/Workspace/TRYBE/PROJETOS/sd-021-b-trybe-futebol-clube/app/backend/src/services/MatchesServices.ts":{"path":"/home/gss-dev/Workspace/TRYBE/PROJETOS/sd-021-b-trybe-futebol-clube/app/backend/src/services/MatchesServices.ts","statementMap":{"0":{"start":{"line":2,"column":0},"end":{"line":2,"column":62}},"1":{"start":{"line":3,"column":21},"end":{"line":3,"column":51}},"2":{"start":{"line":4,"column":23},"end":{"line":4,"column":55}},"3":{"start":{"line":5,"column":20},"end":{"line":5,"column":59}},"4":{"start":{"line":6,"column":22},"end":{"line":6,"column":63}},"5":{"start":{"line":7,"column":19},"end":{"line":7,"column":47}},"6":{"start":{"line":10,"column":24},"end":{"line":15,"column":10}},"7":{"start":{"line":16,"column":8},"end":{"line":16,"column":23}},"8":{"start":{"line":19,"column":24},"end":{"line":25,"column":10}},"9":{"start":{"line":26,"column":8},"end":{"line":26,"column":23}},"10":{"start":{"line":29,"column":24},"end":{"line":35,"column":10}},"11":{"start":{"line":36,"column":8},"end":{"line":36,"column":23}},"12":{"start":{"line":39,"column":21},"end":{"line":39,"column":63}},"13":{"start":{"line":40,"column":8},"end":{"line":42,"column":9}},"14":{"start":{"line":41,"column":12},"end":{"line":41,"column":113}},"15":{"start":{"line":45,"column":8},"end":{"line":47,"column":9}},"16":{"start":{"line":46,"column":12},"end":{"line":46,"column":124}},"17":{"start":{"line":48,"column":8},"end":{"line":48,"column":98}},"18":{"start":{"line":49,"column":22},"end":{"line":51,"column":10}},"19":{"start":{"line":52,"column":8},"end":{"line":52,"column":21}},"20":{"start":{"line":55,"column":22},"end":{"line":55,"column":62}},"21":{"start":{"line":56,"column":8},"end":{"line":58,"column":9}},"22":{"start":{"line":57,"column":12},"end":{"line":57,"column":113}},"23":{"start":{"line":59,"column":8},"end":{"line":59,"column":85}},"24":{"start":{"line":62,"column":22},"end":{"line":62,"column":62}},"25":{"start":{"line":63,"column":8},"end":{"line":65,"column":9}},"26":{"start":{"line":64,"column":12},"end":{"line":64,"column":113}},"27":{"start":{"line":66,"column":8},"end":{"line":66,"column":96}},"28":{"start":{"line":69,"column":0},"end":{"line":69,"column":33}}},"fnMap":{"0":{"name":"(anonymous_0)","decl":{"start":{"line":9,"column":4},"end":{"line":9,"column":5}},"loc":{"start":{"line":9,"column":26},"end":{"line":17,"column":5}},"line":9},"1":{"name":"(anonymous_1)","decl":{"start":{"line":18,"column":4},"end":{"line":18,"column":5}},"loc":{"start":{"line":18,"column":36},"end":{"line":27,"column":5}},"line":18},"2":{"name":"(anonymous_2)","decl":{"start":{"line":28,"column":4},"end":{"line":28,"column":5}},"loc":{"start":{"line":28,"column":34},"end":{"line":37,"column":5}},"line":28},"3":{"name":"(anonymous_3)","decl":{"start":{"line":38,"column":4},"end":{"line":38,"column":5}},"loc":{"start":{"line":38,"column":44},"end":{"line":43,"column":5}},"line":38},"4":{"name":"(anonymous_4)","decl":{"start":{"line":44,"column":4},"end":{"line":44,"column":5}},"loc":{"start":{"line":44,"column":78},"end":{"line":53,"column":5}},"line":44},"5":{"name":"(anonymous_5)","decl":{"start":{"line":54,"column":4},"end":{"line":54,"column":5}},"loc":{"start":{"line":54,"column":28},"end":{"line":60,"column":5}},"line":54},"6":{"name":"(anonymous_6)","decl":{"start":{"line":61,"column":4},"end":{"line":61,"column":5}},"loc":{"start":{"line":61,"column":62},"end":{"line":67,"column":5}},"line":61}},"branchMap":{"0":{"loc":{"start":{"line":40,"column":8},"end":{"line":42,"column":9}},"type":"if","locations":[{"start":{"line":40,"column":8},"end":{"line":42,"column":9}},{"start":{"line":40,"column":8},"end":{"line":42,"column":9}}],"line":40},"1":{"loc":{"start":{"line":45,"column":8},"end":{"line":47,"column":9}},"type":"if","locations":[{"start":{"line":45,"column":8},"end":{"line":47,"column":9}},{"start":{"line":45,"column":8},"end":{"line":47,"column":9}}],"line":45},"2":{"loc":{"start":{"line":56,"column":8},"end":{"line":58,"column":9}},"type":"if","locations":[{"start":{"line":56,"column":8},"end":{"line":58,"column":9}},{"start":{"line":56,"column":8},"end":{"line":58,"column":9}}],"line":56},"3":{"loc":{"start":{"line":63,"column":8},"end":{"line":65,"column":9}},"type":"if","locations":[{"start":{"line":63,"column":8},"end":{"line":65,"column":9}},{"start":{"line":63,"column":8},"end":{"line":65,"column":9}}],"line":63}},"s":{"0":1,"1":1,"2":1,"3":1,"4":1,"5":1,"6":2,"7":2,"8":2,"9":2,"10":2,"11":2,"12":4,"13":4,"14":0,"15":3,"16":1,"17":2,"18":2,"19":2,"20":2,"21":2,"22":1,"23":1,"24":1,"25":1,"26":0,"27":1,"28":1},"f":{"0":2,"1":2,"2":2,"3":4,"4":3,"5":2,"6":1},"b":{"0":[0,4],"1":[1,2],"2":[1,1],"3":[0,1]},"inputSourceMap":{"version":3,"file":"/home/gss-dev/Workspace/TRYBE/PROJETOS/sd-021-b-trybe-futebol-clube/app/backend/src/services/MatchesServices.ts","sources":["/home/gss-dev/Workspace/TRYBE/PROJETOS/sd-021-b-trybe-futebol-clube/app/backend/src/services/MatchesServices.ts"],"names":[],"mappings":";;AAAA,oDAA6C;AAC7C,wDAAiD;AACjD,4DAAgD;AAChD,gEAAmD;AAEnD,gDAAyC;AAEzC,MAAqB,cAAc;IACjC,MAAM,CAAC,KAAK,CAAC,MAAM;QACjB,MAAM,OAAO,GAAG,MAAM,qBAAK,CAAC,OAAO,CAAC;YAClC,OAAO,EAAE;gBACP,EAAE,KAAK,EAAE,mBAAI,EAAE,EAAE,EAAE,UAAU,EAAE,UAAU,EAAE,CAAC,UAAU,CAAC,EAAE;gBACzD,EAAE,KAAK,EAAE,mBAAI,EAAE,EAAE,EAAE,UAAU,EAAE,UAAU,EAAE,CAAC,UAAU,CAAC,EAAE;aAC1D;SACF,CAAC,CAAC;QACH,OAAO,OAAO,CAAC;IACjB,CAAC;IAED,MAAM,CAAC,KAAK,CAAC,gBAAgB;QAC3B,MAAM,OAAO,GAAG,MAAM,qBAAK,CAAC,OAAO,CAAC;YAClC,KAAK,EAAE,EAAE,UAAU,EAAE,IAAI,EAAE;YAC3B,OAAO,EAAE;gBACP,EAAE,KAAK,EAAE,mBAAI,EAAE,EAAE,EAAE,UAAU,EAAE,UAAU,EAAE,CAAC,UAAU,CAAC,EAAE;gBACzD,EAAE,KAAK,EAAE,mBAAI,EAAE,EAAE,EAAE,UAAU,EAAE,UAAU,EAAE,CAAC,UAAU,CAAC,EAAE;aAC1D;SACF,CAAC,CAAC;QACH,OAAO,OAAO,CAAC;IACjB,CAAC;IAED,MAAM,CAAC,KAAK,CAAC,cAAc;QACzB,MAAM,OAAO,GAAG,MAAM,qBAAK,CAAC,OAAO,CAAC;YAClC,KAAK,EAAE,EAAE,UAAU,EAAE,KAAK,EAAE;YAC5B,OAAO,EAAE;gBACP,EAAE,KAAK,EAAE,mBAAI,EAAE,EAAE,EAAE,UAAU,EAAE,UAAU,EAAE,CAAC,UAAU,CAAC,EAAE;gBACzD,EAAE,KAAK,EAAE,mBAAI,EAAE,EAAE,EAAE,UAAU,EAAE,UAAU,EAAE,CAAC,UAAU,CAAC,EAAE;aAC1D;SACF,CAAC,CAAC;QACH,OAAO,OAAO,CAAC;IACjB,CAAC;IAED,MAAM,CAAC,KAAK,CAAC,kBAAkB,CAAC,MAAc;QAC5C,MAAM,IAAI,GAAG,MAAM,mBAAI,CAAC,QAAQ,CAAC,MAAM,CAAC,CAAC;QACzC,IAAI,CAAC,IAAI,EAAE;YACT,MAAM,IAAI,sBAAY,CACpB,oBAAU,CAAC,SAAS,EACpB,kBAAQ,CAAC,eAAe,CACzB,CAAC;SACH;IACH,CAAC;IAED,MAAM,CAAC,KAAK,CAAC,MAAM,CAAC,EAAE,QAAQ,EAAE,QAAQ,EAAE,aAAa,EAAE,aAAa,EAAgB;QACpF,IAAI,QAAQ,KAAK,QAAQ,EAAE;YACzB,MAAM,IAAI,sBAAY,CACpB,oBAAU,CAAC,oBAAoB,EAC/B,kBAAQ,CAAC,eAAe,CACzB,CAAC;SACH;QAED,MAAM,OAAO,CAAC,GAAG,CAAC,CAAC,IAAI,CAAC,kBAAkB,CAAC,QAAQ,CAAC,EAAE,IAAI,CAAC,kBAAkB,CAAC,QAAQ,CAAC,CAAC,CAAC,CAAC;QAC1F,MAAM,KAAK,GAAG,MAAM,qBAAK,CAAC,MAAM,CAAC;YAC/B,QAAQ,EAAE,QAAQ,EAAE,aAAa,EAAE,aAAa,EAAE,UAAU,EAAE,IAAI;SACnE,CAAC,CAAC;QACH,OAAO,KAAK,CAAC;IACf,CAAC;IAED,MAAM,CAAC,KAAK,CAAC,MAAM,CAAC,EAAU;QAC5B,MAAM,KAAK,GAAG,MAAM,qBAAK,CAAC,QAAQ,CAAC,EAAE,CAAC,CAAC;QACvC,IAAI,CAAC,KAAK,EAAE;YACV,MAAM,IAAI,sBAAY,CACpB,oBAAU,CAAC,SAAS,EACpB,kBAAQ,CAAC,eAAe,CACzB,CAAC;SACH;QACD,MAAM,qBAAK,CAAC,MAAM,CAAC,EAAE,UAAU,EAAE,KAAK,EAAE,EAAE,EAAE,KAAK,EAAE,EAAE,EAAE,EAAE,EAAE,CAAC,CAAC;IAC/D,CAAC;IAED,MAAM,CAAC,KAAK,CAAC,MAAM,CAAC,EAAU,EAAE,EAAE,aAAa,EAAE,aAAa,EAAe;QAC3E,MAAM,KAAK,GAAG,MAAM,qBAAK,CAAC,QAAQ,CAAC,EAAE,CAAC,CAAC;QACvC,IAAI,CAAC,KAAK,EAAE;YACV,MAAM,IAAI,sBAAY,CACpB,oBAAU,CAAC,SAAS,EACpB,kBAAQ,CAAC,eAAe,CACzB,CAAC;SACH;QACD,MAAM,qBAAK,CAAC,MAAM,CAAC,EAAE,aAAa,EAAE,aAAa,EAAE,EAAE,EAAE,KAAK,EAAE,EAAE,EAAE,EAAE,EAAE,CAAC,CAAC;IAC1E,CAAC;CACF;AA/ED,iCA+EC","sourcesContent":["import StatusCode from '../enums/statusCode';\nimport ConflitError from '../erros/ConflitError';\nimport Team from '../database/models/TeamModel';\nimport Match from '../database/models/MatcheModel';\nimport ICreateMatch, { IMatchGoals } from '../interfaces/ICreateMatches';\nimport Messages from '../enums/messages';\n\nexport default class MatchesService {\n  static async getAll() {\n    const matches = await Match.findAll({\n      include: [\n        { model: Team, as: 'teamHome', attributes: ['teamName'] },\n        { model: Team, as: 'teamAway', attributes: ['teamName'] },\n      ],\n    });\n    return matches;\n  }\n\n  static async getAllInProgress() {\n    const matches = await Match.findAll({\n      where: { inProgress: true },\n      include: [\n        { model: Team, as: 'teamHome', attributes: ['teamName'] },\n        { model: Team, as: 'teamAway', attributes: ['teamName'] },\n      ],\n    });\n    return matches;\n  }\n\n  static async getAllFinished() {\n    const matches = await Match.findAll({\n      where: { inProgress: false },\n      include: [\n        { model: Team, as: 'teamHome', attributes: ['teamName'] },\n        { model: Team, as: 'teamAway', attributes: ['teamName'] },\n      ],\n    });\n    return matches;\n  }\n\n  static async verifyIfTeamExists(teamId: string) {\n    const team = await Team.findByPk(teamId);\n    if (!team) {\n      throw new ConflitError(\n        StatusCode.NOT_FOUND,\n        Messages.TEAM_NO_SUCH_ID,\n      );\n    }\n  }\n\n  static async create({ homeTeam, awayTeam, homeTeamGoals, awayTeamGoals }: ICreateMatch) {\n    if (homeTeam === awayTeam) {\n      throw new ConflitError(\n        StatusCode.UNPROCESSABLE_ENTITY,\n        Messages.TWO_MATCH_EQUAL,\n      );\n    }\n\n    await Promise.all([this.verifyIfTeamExists(homeTeam), this.verifyIfTeamExists(awayTeam)]);\n    const match = await Match.create({\n      homeTeam, awayTeam, homeTeamGoals, awayTeamGoals, inProgress: true,\n    });\n    return match;\n  }\n\n  static async finish(id: string) {\n    const match = await Match.findByPk(id);\n    if (!match) {\n      throw new ConflitError(\n        StatusCode.NOT_FOUND,\n        Messages.MATCH_NOT_FOUND,\n      );\n    }\n    await Match.update({ inProgress: false }, { where: { id } });\n  }\n\n  static async update(id: string, { homeTeamGoals, awayTeamGoals }: IMatchGoals) {\n    const match = await Match.findByPk(id);\n    if (!match) {\n      throw new ConflitError(\n        StatusCode.NOT_FOUND,\n        Messages.MATCH_NOT_FOUND,\n      );\n    }\n    await Match.update({ homeTeamGoals, awayTeamGoals }, { where: { id } });\n  }\n}\n"]},"_coverageSchema":"1a1c01bbd47fc00a2c39e90264f33305004495a9","hash":"150d2c1bab84651faeccdd9c64fa2428ef605bb9"},"/home/gss-dev/Workspace/TRYBE/PROJETOS/sd-021-b-trybe-futebol-clube/app/backend/src/routes/leaderboard.routes.ts":{"path":"/home/gss-dev/Workspace/TRYBE/PROJETOS/sd-021-b-trybe-futebol-clube/app/backend/src/routes/leaderboard.routes.ts","statementMap":{"0":{"start":{"line":2,"column":0},"end":{"line":2,"column":62}},"1":{"start":{"line":3,"column":18},"end":{"line":3,"column":36}},"2":{"start":{"line":4,"column":32},"end":{"line":4,"column":79}},"3":{"start":{"line":5,"column":15},"end":{"line":5,"column":38}},"4":{"start":{"line":6,"column":0},"end":{"line":6,"column":56}},"5":{"start":{"line":7,"column":0},"end":{"line":7,"column":64}},"6":{"start":{"line":8,"column":0},"end":{"line":8,"column":64}},"7":{"start":{"line":9,"column":0},"end":{"line":9,"column":25}}},"fnMap":{},"branchMap":{},"s":{"0":1,"1":1,"2":1,"3":1,"4":1,"5":1,"6":1,"7":1},"f":{},"b":{},"inputSourceMap":{"version":3,"file":"/home/gss-dev/Workspace/TRYBE/PROJETOS/sd-021-b-trybe-futebol-clube/app/backend/src/routes/leaderboard.routes.ts","sources":["/home/gss-dev/Workspace/TRYBE/PROJETOS/sd-021-b-trybe-futebol-clube/app/backend/src/routes/leaderboard.routes.ts"],"names":[],"mappings":";;AAAA,qCAAiC;AACjC,gFAAyE;AAEzE,MAAM,MAAM,GAAG,IAAA,gBAAM,GAAE,CAAC;AAExB,MAAM,CAAC,GAAG,CAAC,GAAG,EAAE,+BAAqB,CAAC,MAAM,CAAC,CAAC;AAC9C,MAAM,CAAC,GAAG,CAAC,OAAO,EAAE,+BAAqB,CAAC,UAAU,CAAC,CAAC;AACtD,MAAM,CAAC,GAAG,CAAC,OAAO,EAAE,+BAAqB,CAAC,UAAU,CAAC,CAAC;AAEtD,kBAAe,MAAM,CAAC","sourcesContent":["import { Router } from 'express';\nimport LeaderboardController from '../controllers/LeaderboardController';\n\nconst router = Router();\n\nrouter.get('/', LeaderboardController.getAll);\nrouter.get('/home', LeaderboardController.getAllHome);\nrouter.get('/away', LeaderboardController.getAllAway);\n\nexport default router;\n"]},"_coverageSchema":"1a1c01bbd47fc00a2c39e90264f33305004495a9","hash":"b5f05504f82d4ddedc471325dc87dab3056ef3b2"},"/home/gss-dev/Workspace/TRYBE/PROJETOS/sd-021-b-trybe-futebol-clube/app/backend/src/controllers/LeaderboardController.ts":{"path":"/home/gss-dev/Workspace/TRYBE/PROJETOS/sd-021-b-trybe-futebol-clube/app/backend/src/controllers/LeaderboardController.ts","statementMap":{"0":{"start":{"line":2,"column":0},"end":{"line":2,"column":62}},"1":{"start":{"line":3,"column":21},"end":{"line":3,"column":51}},"2":{"start":{"line":4,"column":29},"end":{"line":4,"column":70}},"3":{"start":{"line":7,"column":23},"end":{"line":7,"column":70}},"4":{"start":{"line":8,"column":8},"end":{"line":8,"column":64}},"5":{"start":{"line":11,"column":23},"end":{"line":11,"column":70}},"6":{"start":{"line":12,"column":8},"end":{"line":12,"column":64}},"7":{"start":{"line":15,"column":23},"end":{"line":15,"column":66}},"8":{"start":{"line":16,"column":8},"end":{"line":16,"column":64}},"9":{"start":{"line":19,"column":0},"end":{"line":19,"column":40}}},"fnMap":{"0":{"name":"(anonymous_0)","decl":{"start":{"line":6,"column":4},"end":{"line":6,"column":5}},"loc":{"start":{"line":6,"column":38},"end":{"line":9,"column":5}},"line":6},"1":{"name":"(anonymous_1)","decl":{"start":{"line":10,"column":4},"end":{"line":10,"column":5}},"loc":{"start":{"line":10,"column":38},"end":{"line":13,"column":5}},"line":10},"2":{"name":"(anonymous_2)","decl":{"start":{"line":14,"column":4},"end":{"line":14,"column":5}},"loc":{"start":{"line":14,"column":34},"end":{"line":17,"column":5}},"line":14}},"branchMap":{},"s":{"0":1,"1":1,"2":1,"3":2,"4":2,"5":2,"6":2,"7":2,"8":2,"9":1},"f":{"0":2,"1":2,"2":2},"b":{},"inputSourceMap":{"version":3,"file":"/home/gss-dev/Workspace/TRYBE/PROJETOS/sd-021-b-trybe-futebol-clube/app/backend/src/controllers/LeaderboardController.ts","sources":["/home/gss-dev/Workspace/TRYBE/PROJETOS/sd-021-b-trybe-futebol-clube/app/backend/src/controllers/LeaderboardController.ts"],"names":[],"mappings":";;AACA,oDAA6C;AAC7C,uEAAgE;AAEhE,MAAqB,qBAAqB;IACxC,MAAM,CAAC,KAAK,CAAC,UAAU,CAAC,GAAY,EAAE,GAAa;QACjD,MAAM,MAAM,GAAG,MAAM,4BAAkB,CAAC,UAAU,EAAE,CAAC;QACrD,OAAO,GAAG,CAAC,MAAM,CAAC,oBAAU,CAAC,EAAE,CAAC,CAAC,IAAI,CAAC,MAAM,CAAC,CAAC;IAChD,CAAC;IAED,MAAM,CAAC,KAAK,CAAC,UAAU,CAAC,GAAY,EAAE,GAAa;QACjD,MAAM,MAAM,GAAG,MAAM,4BAAkB,CAAC,UAAU,EAAE,CAAC;QACrD,OAAO,GAAG,CAAC,MAAM,CAAC,oBAAU,CAAC,EAAE,CAAC,CAAC,IAAI,CAAC,MAAM,CAAC,CAAC;IAChD,CAAC;IAED,MAAM,CAAC,KAAK,CAAC,MAAM,CAAC,GAAY,EAAE,GAAa;QAC7C,MAAM,MAAM,GAAG,MAAM,4BAAkB,CAAC,MAAM,EAAE,CAAC;QACjD,OAAO,GAAG,CAAC,MAAM,CAAC,oBAAU,CAAC,EAAE,CAAC,CAAC,IAAI,CAAC,MAAM,CAAC,CAAC;IAChD,CAAC;CACF;AAfD,wCAeC","sourcesContent":["import { Request, Response } from 'express';\nimport StatusCode from '../enums/statusCode';\nimport LeaderboardService from '../services/LeaderBoardService';\n\nexport default class LeaderboardController {\n  static async getAllHome(req: Request, res: Response) {\n    const result = await LeaderboardService.getAllHome();\n    return res.status(StatusCode.OK).json(result);\n  }\n\n  static async getAllAway(req: Request, res: Response) {\n    const result = await LeaderboardService.getAllAway();\n    return res.status(StatusCode.OK).json(result);\n  }\n\n  static async getAll(req: Request, res: Response) {\n    const result = await LeaderboardService.getAll();\n    return res.status(StatusCode.OK).json(result);\n  }\n}\n"]},"_coverageSchema":"1a1c01bbd47fc00a2c39e90264f33305004495a9","hash":"9b1ecf52c53673e5f546e12f46ffa2e1a528fb91"}}